------------------------------------------------------------
Server listening on TCP port 5001
TCP window size: 85.3 KByte (default)
------------------------------------------------------------
[  4] local 10.1.2.3 port 5001 connected with 10.1.3.2 port 30002
[ ID] Interval       Transfer     Bandwidth
[  4]  0.0- 1.0 sec  1.14 MBytes  9.60 Mbits/sec
[  4]  1.0- 2.0 sec  1.14 MBytes  9.57 Mbits/sec
[  4]  2.0- 3.0 sec  1.14 MBytes  9.56 Mbits/sec
[  4]  3.0- 4.0 sec  1.14 MBytes  9.57 Mbits/sec
[  4]  4.0- 5.0 sec  1.14 MBytes  9.57 Mbits/sec
[  4]  5.0- 6.0 sec  1.14 MBytes  9.56 Mbits/sec
[  4]  6.0- 7.0 sec  1.14 MBytes  9.57 Mbits/sec
[  4]  7.0- 8.0 sec  1.14 MBytes  9.57 Mbits/sec
[  4]  8.0- 9.0 sec  1.14 MBytes  9.56 Mbits/sec
[  4]  9.0-10.0 sec  1.14 MBytes  9.57 Mbits/sec
[  4] 10.0-11.0 sec  1.14 MBytes  9.57 Mbits/sec
[  4] 11.0-12.0 sec  1.14 MBytes  9.56 Mbits/sec
[  4] 12.0-13.0 sec  1.14 MBytes  9.57 Mbits/sec
[  4]  0.0-13.5 sec  15.4 MBytes  9.57 Mbits/sec
[  4] local 10.1.2.3 port 5001 connected with 10.1.2.4 port 30002 (peer 29812.29812.29812-unk)
[  5] local 10.1.2.3 port 5001 connected with 10.1.2.4 port 30004 (peer 29812.29812.29812-unk)
[  4]  0.0- 1.0 sec  1.42 KBytes  11.6 Kbits/sec
[  5]  0.0- 1.0 sec  1.42 KBytes  11.6 Kbits/sec
[SUM]  0.0- 1.0 sec  2.84 KBytes  23.2 Kbits/sec
[  6] local 10.1.2.3 port 5001 connected with 10.1.2.4 port 30008 (peer 29812.29812.29812-unk)
[  6]  0.0- 1.0 sec  1.42 KBytes  11.6 Kbits/sec
[  7] local 10.1.2.3 port 5001 connected with 10.1.2.4 port 30006 (peer 29812.29812.29812-unk)
[  7]  0.0- 1.0 sec  1.42 KBytes  11.6 Kbits/sec
[  6]  1.0- 2.0 sec  7.09 KBytes  58.1 Kbits/sec
[  7]  1.0- 2.0 sec  31.2 KBytes   256 Kbits/sec
[  4]  1.0- 2.0 sec  7.09 KBytes  58.1 Kbits/sec
[  5]  1.0- 2.0 sec  7.09 KBytes  58.1 Kbits/sec
[SUM]  1.0- 2.0 sec  52.5 KBytes   430 Kbits/sec
[  7]  2.0- 3.0 sec  8.51 KBytes  69.7 Kbits/sec
[  5]  2.0- 3.0 sec  1.42 KBytes  11.6 Kbits/sec
[  4]  2.0- 3.0 sec  1.42 KBytes  11.6 Kbits/sec
[  6]  2.0- 3.0 sec  19.9 KBytes   163 Kbits/sec
[SUM]  2.0- 3.0 sec  31.2 KBytes   256 Kbits/sec
[  7]  3.0- 4.0 sec  54.6 KBytes   447 Kbits/sec
[  6]  3.0- 4.0 sec  14.2 KBytes   116 Kbits/sec
[  4]  3.0- 4.0 sec  2.84 KBytes  23.2 Kbits/sec
[  5]  3.0- 4.0 sec  24.8 KBytes   203 Kbits/sec
[SUM]  3.0- 4.0 sec  96.4 KBytes   790 Kbits/sec
[  7]  4.0- 5.0 sec  0.00 Bytes  0.00 bits/sec
[  6]  4.0- 5.0 sec  5.67 KBytes  46.5 Kbits/sec
[  4]  4.0- 5.0 sec  9.93 KBytes  81.3 Kbits/sec
[  5]  4.0- 5.0 sec  1.42 KBytes  11.6 Kbits/sec
[SUM]  4.0- 5.0 sec  17.0 KBytes   139 Kbits/sec
[  5]  5.0- 6.0 sec  10.6 KBytes  87.1 Kbits/sec
[  6]  5.0- 6.0 sec  7.09 KBytes  58.1 Kbits/sec
[  4]  5.0- 6.0 sec  19.9 KBytes   163 Kbits/sec
[  7]  5.0- 6.0 sec  10.6 KBytes  87.2 Kbits/sec
[SUM]  5.0- 6.0 sec  48.2 KBytes   395 Kbits/sec
[  4]  6.0- 7.0 sec  1.42 KBytes  11.6 Kbits/sec
[  5]  6.0- 7.0 sec  0.00 Bytes  0.00 bits/sec
[  6]  6.0- 7.0 sec  2.84 KBytes  23.2 Kbits/sec
[  7]  6.0- 7.0 sec  56.7 KBytes   465 Kbits/sec
[SUM]  6.0- 7.0 sec  61.0 KBytes   499 Kbits/sec
[  6]  7.0- 8.0 sec  8.51 KBytes  69.7 Kbits/sec
[  5]  7.0- 8.0 sec  0.00 Bytes  0.00 bits/sec
[  4]  7.0- 8.0 sec  32.6 KBytes   267 Kbits/sec
[  7]  7.0- 8.0 sec  7.09 KBytes  58.1 Kbits/sec
[SUM]  7.0- 8.0 sec  48.2 KBytes   395 Kbits/sec
[  6]  8.0- 9.0 sec  62.4 KBytes   511 Kbits/sec
[  7]  8.0- 9.0 sec  35.4 KBytes   290 Kbits/sec
[  5]  8.0- 9.0 sec  0.00 Bytes  0.00 bits/sec
[  4]  8.0- 9.0 sec  51.0 KBytes   418 Kbits/sec
[SUM]  8.0- 9.0 sec   149 KBytes  1.22 Mbits/sec
[  6]  9.0-10.0 sec  1.42 KBytes  11.6 Kbits/sec
[  7]  9.0-10.0 sec  0.00 Bytes  0.00 bits/sec
[  5]  9.0-10.0 sec  0.00 Bytes  0.00 bits/sec
[  4]  9.0-10.0 sec  8.69 KBytes  71.2 Kbits/sec
[SUM]  9.0-10.0 sec  10.1 KBytes  82.8 Kbits/sec
[  5] 10.0-11.0 sec  0.00 Bytes  0.00 bits/sec
[  4] 10.0-11.0 sec  1.49 KBytes  12.2 Kbits/sec
[  6] 10.0-11.0 sec  63.8 KBytes   523 Kbits/sec
[  7] 10.0-11.0 sec  28.4 KBytes   232 Kbits/sec
[SUM] 10.0-11.0 sec  93.7 KBytes   767 Kbits/sec
[  4] 11.0-12.0 sec  1.49 KBytes  12.2 Kbits/sec
[  6] 11.0-12.0 sec  58.1 KBytes   476 Kbits/sec
[  7] 11.0-12.0 sec  35.4 KBytes   290 Kbits/sec
[  5] 11.0-12.0 sec  7.80 KBytes  63.9 Kbits/sec
[SUM] 11.0-12.0 sec   103 KBytes   843 Kbits/sec
[  4] 12.0-13.0 sec  0.00 Bytes  0.00 bits/sec
[  7] 12.0-13.0 sec  1.61 KBytes  13.2 Kbits/sec
[  5] 12.0-13.0 sec  2.84 KBytes  23.2 Kbits/sec
[  6] 12.0-13.0 sec  5.67 KBytes  46.5 Kbits/sec
[SUM] 12.0-13.0 sec  10.1 KBytes  82.9 Kbits/sec
[  4] 13.0-14.0 sec  66.6 KBytes   546 Kbits/sec
[  5] 13.0-14.0 sec  22.7 KBytes   186 Kbits/sec
[  6] 13.0-14.0 sec  41.1 KBytes   337 Kbits/sec
[  7] 13.0-14.0 sec  4.06 KBytes  33.3 Kbits/sec
[SUM] 13.0-14.0 sec   135 KBytes  1.10 Mbits/sec
[  6] 14.0-15.0 sec  4.25 KBytes  34.8 Kbits/sec
[  5] 14.0-15.0 sec  0.00 Bytes  0.00 bits/sec
[  4] 14.0-15.0 sec  59.7 KBytes   489 Kbits/sec
[  7] 14.0-15.0 sec  19.9 KBytes   163 Kbits/sec
[SUM] 14.0-15.0 sec  83.8 KBytes   686 Kbits/sec
[  6] 15.0-16.0 sec  0.00 Bytes  0.00 bits/sec
[  5] 15.0-16.0 sec  0.00 Bytes  0.00 bits/sec
[  4] 15.0-16.0 sec  0.00 Bytes  0.00 bits/sec
[  7] 15.0-16.0 sec  0.00 Bytes  0.00 bits/sec
[SUM] 15.0-16.0 sec  0.00 Bytes  0.00 bits/sec
[  6] 16.0-17.0 sec  0.00 Bytes  0.00 bits/sec
[  5] 16.0-17.0 sec  0.00 Bytes  0.00 bits/sec
[  4] 16.0-17.0 sec  0.00 Bytes  0.00 bits/sec
[  7] 16.0-17.0 sec  0.00 Bytes  0.00 bits/sec
[SUM] 16.0-17.0 sec  0.00 Bytes  0.00 bits/sec
[  6] 17.0-18.0 sec  0.00 Bytes  0.00 bits/sec
[  4] 17.0-18.0 sec  0.00 Bytes  0.00 bits/sec
[  5] 17.0-18.0 sec  65.2 KBytes   534 Kbits/sec
[  7] 17.0-18.0 sec  0.00 Bytes  0.00 bits/sec
[SUM] 17.0-18.0 sec  65.2 KBytes   534 Kbits/sec
[  6] 18.0-19.0 sec  0.00 Bytes  0.00 bits/sec
[  4] 18.0-19.0 sec  0.00 Bytes  0.00 bits/sec
[  7] 18.0-19.0 sec  0.00 Bytes  0.00 bits/sec
[  5] 18.0-19.0 sec  93.1 KBytes   762 Kbits/sec
[SUM] 18.0-19.0 sec  93.1 KBytes   762 Kbits/sec
[  6] 19.0-20.0 sec  2.84 KBytes  23.2 Kbits/sec
[  5] 19.0-20.0 sec  10.5 KBytes  86.4 Kbits/sec
[  4] 19.0-20.0 sec  0.00 Bytes  0.00 bits/sec
[  7] 19.0-20.0 sec  0.00 Bytes  0.00 bits/sec
[SUM] 19.0-20.0 sec  13.4 KBytes   110 Kbits/sec
[  4] 20.0-21.0 sec  2.84 KBytes  23.2 Kbits/sec
[  6] 20.0-21.0 sec  97.8 KBytes   802 Kbits/sec
[  7] 20.0-21.0 sec  35.4 KBytes   290 Kbits/sec
[  5] 20.0-21.0 sec  53.3 KBytes   436 Kbits/sec
[SUM] 20.0-21.0 sec   189 KBytes  1.55 Mbits/sec
[  6] 21.0-22.0 sec  1.42 KBytes  11.6 Kbits/sec
[  7] 21.0-22.0 sec  2.84 KBytes  23.2 Kbits/sec
[  4] 21.0-22.0 sec  34.0 KBytes   279 Kbits/sec
[  5] 21.0-22.0 sec  10.5 KBytes  86.4 Kbits/sec
[SUM] 21.0-22.0 sec  48.8 KBytes   400 Kbits/sec
[  4] 22.0-23.0 sec  1.42 KBytes  11.6 Kbits/sec
[  5] 22.0-23.0 sec  53.3 KBytes   436 Kbits/sec
[  6] 22.0-23.0 sec  11.3 KBytes  92.9 Kbits/sec
[  7] 22.0-23.0 sec  14.2 KBytes   116 Kbits/sec
[SUM] 22.0-23.0 sec  80.2 KBytes   657 Kbits/sec
[  6] 23.0-24.0 sec  1.42 KBytes  11.6 Kbits/sec
[  7] 23.0-24.0 sec  5.76 KBytes  47.2 Kbits/sec
[  4] 23.0-24.0 sec  9.93 KBytes  81.3 Kbits/sec
[  5] 23.0-24.0 sec  3.46 KBytes  28.3 Kbits/sec
[SUM] 23.0-24.0 sec  20.6 KBytes   168 Kbits/sec
[  6] 24.0-25.0 sec  26.4 KBytes   216 Kbits/sec
[  5] 24.0-25.0 sec  2.84 KBytes  23.2 Kbits/sec
[  4] 24.0-25.0 sec  24.1 KBytes   197 Kbits/sec
[  7] 24.0-25.0 sec  38.3 KBytes   314 Kbits/sec
[SUM] 24.0-25.0 sec  91.6 KBytes   750 Kbits/sec
[  6] 25.0-26.0 sec  0.00 Bytes  0.00 bits/sec
[  5] 25.0-26.0 sec  0.00 Bytes  0.00 bits/sec
[  7] 25.0-26.0 sec  25.5 KBytes   209 Kbits/sec
[  4] 25.0-26.0 sec  0.00 Bytes  0.00 bits/sec
[SUM] 25.0-26.0 sec  25.5 KBytes   209 Kbits/sec
[  5] 26.0-27.0 sec  7.09 KBytes  58.1 Kbits/sec
[  7] 26.0-27.0 sec  35.4 KBytes   290 Kbits/sec
[  4] 26.0-27.0 sec  9.93 KBytes  81.3 Kbits/sec
[  6] 26.0-27.0 sec  0.00 Bytes  0.00 bits/sec
[SUM] 26.0-27.0 sec  52.5 KBytes   430 Kbits/sec
[  7] 27.0-28.0 sec  0.00 Bytes  0.00 bits/sec
[  6] 27.0-28.0 sec  0.00 Bytes  0.00 bits/sec
[  5] 27.0-28.0 sec  53.9 KBytes   441 Kbits/sec
[  4] 27.0-28.0 sec  11.3 KBytes  92.9 Kbits/sec
[SUM] 27.0-28.0 sec  65.2 KBytes   534 Kbits/sec
[  5] 28.0-29.0 sec  2.84 KBytes  23.2 Kbits/sec
[  6] 28.0-29.0 sec  0.00 Bytes  0.00 bits/sec
[  7] 28.0-29.0 sec  19.9 KBytes   163 Kbits/sec
[  4] 28.0-29.0 sec  0.00 Bytes  0.00 bits/sec
[SUM] 28.0-29.0 sec  22.7 KBytes   186 Kbits/sec
[  7] 29.0-30.0 sec  5.67 KBytes  46.5 Kbits/sec
[  6] 29.0-30.0 sec  5.67 KBytes  46.5 Kbits/sec
[  4] 29.0-30.0 sec  0.00 Bytes  0.00 bits/sec
[  5] 29.0-30.0 sec  63.8 KBytes   523 Kbits/sec
[SUM] 29.0-30.0 sec  75.2 KBytes   616 Kbits/sec
[  6] 30.0-31.0 sec  46.8 KBytes   383 Kbits/sec
[  4] 30.0-31.0 sec  62.4 KBytes   511 Kbits/sec
[  7] 30.0-31.0 sec  0.00 Bytes  0.00 bits/sec
[  5] 30.0-31.0 sec  0.00 Bytes  0.00 bits/sec
[SUM] 30.0-31.0 sec   109 KBytes   894 Kbits/sec
[  5] 31.0-32.0 sec  0.00 Bytes  0.00 bits/sec
[  6] 31.0-32.0 sec  44.0 KBytes   360 Kbits/sec
[  4] 31.0-32.0 sec  61.7 KBytes   505 Kbits/sec
[  7] 31.0-32.0 sec  0.00 Bytes  0.00 bits/sec
[SUM] 31.0-32.0 sec   106 KBytes   865 Kbits/sec
[  5] 32.0-33.0 sec  0.00 Bytes  0.00 bits/sec
[  4] 32.0-33.0 sec  19.3 KBytes   158 Kbits/sec
[  7] 32.0-33.0 sec  0.00 Bytes  0.00 bits/sec
[  6] 32.0-33.0 sec  63.8 KBytes   523 Kbits/sec
[SUM] 32.0-33.0 sec  83.1 KBytes   681 Kbits/sec
[  5] 33.0-34.0 sec  0.00 Bytes  0.00 bits/sec
[  4] 33.0-34.0 sec  0.00 Bytes  0.00 bits/sec
[  6] 33.0-34.0 sec  12.8 KBytes   105 Kbits/sec
[  7] 33.0-34.0 sec  0.00 Bytes  0.00 bits/sec
[SUM] 33.0-34.0 sec  12.8 KBytes   105 Kbits/sec
[  5] 34.0-35.0 sec  0.00 Bytes  0.00 bits/sec
[  6] 34.0-35.0 sec  15.6 KBytes   128 Kbits/sec
[  7] 34.0-35.0 sec  0.00 Bytes  0.00 bits/sec
[  4] 34.0-35.0 sec  44.7 KBytes   366 Kbits/sec
[SUM] 34.0-35.0 sec  60.3 KBytes   494 Kbits/sec
[  5] 35.0-36.0 sec  0.00 Bytes  0.00 bits/sec
[  7] 35.0-36.0 sec  85.1 KBytes   697 Kbits/sec
[  4] 35.0-36.0 sec  62.4 KBytes   511 Kbits/sec
[  6] 35.0-36.0 sec  34.6 KBytes   283 Kbits/sec
[SUM] 35.0-36.0 sec   182 KBytes  1.49 Mbits/sec
[  5] 36.0-37.0 sec  0.00 Bytes  0.00 bits/sec
[  7] 36.0-37.0 sec  17.0 KBytes   139 Kbits/sec
[  6] 36.0-37.0 sec  0.00 Bytes  0.00 bits/sec
[  4] 36.0-37.0 sec  1.42 KBytes  11.6 Kbits/sec
[SUM] 36.0-37.0 sec  18.4 KBytes   151 Kbits/sec
[  7] 37.0-38.0 sec  1.42 KBytes  11.6 Kbits/sec
[  6] 37.0-38.0 sec  1.42 KBytes  11.6 Kbits/sec
[  4] 37.0-38.0 sec  44.0 KBytes   360 Kbits/sec
[  5] 37.0-38.0 sec  31.2 KBytes   256 Kbits/sec
[SUM] 37.0-38.0 sec  78.0 KBytes   639 Kbits/sec
[  6] 38.0-39.0 sec  12.2 KBytes   100 Kbits/sec
[  5] 38.0-39.0 sec  16.0 KBytes   131 Kbits/sec
[  7] 38.0-39.0 sec  62.4 KBytes   511 Kbits/sec
[  4] 38.0-39.0 sec  19.9 KBytes   163 Kbits/sec
[SUM] 38.0-39.0 sec   110 KBytes   905 Kbits/sec
[  6] 39.0-40.0 sec  15.6 KBytes   128 Kbits/sec
[  4] 39.0-40.0 sec  6.48 KBytes  53.0 Kbits/sec
[  7] 39.0-40.0 sec  9.14 KBytes  74.9 Kbits/sec
[  5] 39.0-40.0 sec  2.84 KBytes  23.2 Kbits/sec
[SUM] 39.0-40.0 sec  34.0 KBytes   279 Kbits/sec
[  5] 40.0-41.0 sec  59.8 KBytes   490 Kbits/sec
[  4] 40.0-41.0 sec  38.0 KBytes   312 Kbits/sec
[  6] 40.0-41.0 sec  30.3 KBytes   248 Kbits/sec
[  7] 40.0-41.0 sec  3.17 KBytes  26.0 Kbits/sec
[SUM] 40.0-41.0 sec   131 KBytes  1.08 Mbits/sec
[  5] 41.0-42.0 sec  1.42 KBytes  11.6 Kbits/sec
[  4] 41.0-42.0 sec  0.00 Bytes  0.00 bits/sec
[  7] 41.0-42.0 sec  54.7 KBytes   448 Kbits/sec
[  6] 41.0-42.0 sec  4.25 KBytes  34.8 Kbits/sec
[SUM] 41.0-42.0 sec  60.4 KBytes   495 Kbits/sec
[  5] 42.0-43.0 sec  2.56 KBytes  21.0 Kbits/sec
[  7] 42.0-43.0 sec  0.00 Bytes  0.00 bits/sec
[  6] 42.0-43.0 sec  1.61 KBytes  13.2 Kbits/sec
[  4] 42.0-43.0 sec  11.3 KBytes  92.9 Kbits/sec
[SUM] 42.0-43.0 sec  15.5 KBytes   127 Kbits/sec
[  5] 43.0-44.0 sec  0.00 Bytes  0.00 bits/sec
[  4] 43.0-44.0 sec  7.09 KBytes  58.1 Kbits/sec
[  6] 43.0-44.0 sec  0.00 Bytes  0.00 bits/sec
[  7] 43.0-44.0 sec  9.08 KBytes  74.3 Kbits/sec
[SUM] 43.0-44.0 sec  16.2 KBytes   132 Kbits/sec
[  4] 44.0-45.0 sec  7.34 KBytes  60.1 Kbits/sec
[  5] 44.0-45.0 sec  60.0 KBytes   492 Kbits/sec
[  6] 44.0-45.0 sec  50.9 KBytes   417 Kbits/sec
[  7] 44.0-45.0 sec  54.7 KBytes   448 Kbits/sec
[SUM] 44.0-45.0 sec   173 KBytes  1.42 Mbits/sec
[  4] 45.0-46.0 sec  23.9 KBytes   195 Kbits/sec
[  5] 45.0-46.0 sec  63.8 KBytes   523 Kbits/sec
[  7] 45.0-46.0 sec  9.08 KBytes  74.3 Kbits/sec
[  6] 45.0-46.0 sec  0.00 Bytes  0.00 bits/sec
[SUM] 45.0-46.0 sec  96.7 KBytes   793 Kbits/sec
[  4] 46.0-47.0 sec  0.00 Bytes  0.00 bits/sec
[  5] 46.0-47.0 sec  66.8 KBytes   548 Kbits/sec
[  7] 46.0-47.0 sec  0.00 Bytes  0.00 bits/sec
[  6] 46.0-47.0 sec  0.00 Bytes  0.00 bits/sec
[SUM] 46.0-47.0 sec  66.8 KBytes   548 Kbits/sec
[  4] 47.0-48.0 sec  0.00 Bytes  0.00 bits/sec
[  7] 47.0-48.0 sec  0.00 Bytes  0.00 bits/sec
[  5] 47.0-48.0 sec  45.6 KBytes   373 Kbits/sec
[  6] 47.0-48.0 sec  0.00 Bytes  0.00 bits/sec
[SUM] 47.0-48.0 sec  45.6 KBytes   373 Kbits/sec
[  4] 48.0-49.0 sec  0.00 Bytes  0.00 bits/sec
[  5] 48.0-49.0 sec  18.2 KBytes   149 Kbits/sec
[  7] 48.0-49.0 sec  0.00 Bytes  0.00 bits/sec
[  6] 48.0-49.0 sec  0.00 Bytes  0.00 bits/sec
[SUM] 48.0-49.0 sec  18.2 KBytes   149 Kbits/sec
[  6] 49.0-50.0 sec  0.00 Bytes  0.00 bits/sec
[  7] 49.0-50.0 sec  15.0 KBytes   123 Kbits/sec
[  4] 49.0-50.0 sec  0.00 Bytes  0.00 bits/sec
[  5] 49.0-50.0 sec  63.8 KBytes   523 Kbits/sec
[SUM] 49.0-50.0 sec  78.8 KBytes   646 Kbits/sec
[  7] 50.0-51.0 sec  85.2 KBytes   698 Kbits/sec
[  4] 50.0-51.0 sec  0.00 Bytes  0.00 bits/sec
[  6] 50.0-51.0 sec  3.03 KBytes  24.8 Kbits/sec
[  5] 50.0-51.0 sec  48.4 KBytes   397 Kbits/sec
[SUM] 50.0-51.0 sec   137 KBytes  1.12 Mbits/sec
[  6] 51.0-52.0 sec  46.2 KBytes   378 Kbits/sec
[  5] 51.0-52.0 sec  55.3 KBytes   453 Kbits/sec
[  7] 51.0-52.0 sec  63.9 KBytes   523 Kbits/sec
[  4] 51.0-52.0 sec  52.7 KBytes   432 Kbits/sec
[SUM] 51.0-52.0 sec   218 KBytes  1.79 Mbits/sec
[  7] 52.0-53.0 sec  46.9 KBytes   384 Kbits/sec
[  6] 52.0-53.0 sec  9.93 KBytes  81.3 Kbits/sec
[  4] 52.0-53.0 sec  9.18 KBytes  75.2 Kbits/sec
[  5] 52.0-53.0 sec  59.6 KBytes   488 Kbits/sec
[SUM] 52.0-53.0 sec   126 KBytes  1.03 Mbits/sec
[  7] 53.0-54.0 sec  0.00 Bytes  0.00 bits/sec
[  6] 53.0-54.0 sec  8.51 KBytes  69.7 Kbits/sec
[  4] 53.0-54.0 sec  54.8 KBytes   449 Kbits/sec
[  5] 53.0-54.0 sec  4.25 KBytes  34.8 Kbits/sec
[SUM] 53.0-54.0 sec  67.6 KBytes   554 Kbits/sec
[  7] 54.0-55.0 sec  62.4 KBytes   511 Kbits/sec
[  4] 54.0-55.0 sec  34.0 KBytes   279 Kbits/sec
[  6] 54.0-55.0 sec  63.1 KBytes   517 Kbits/sec
[  5] 54.0-55.0 sec  2.73 KBytes  22.3 Kbits/sec
[SUM] 54.0-55.0 sec   162 KBytes  1.33 Mbits/sec
[  7] 55.0-56.0 sec  0.00 Bytes  0.00 bits/sec
[  5] 55.0-56.0 sec  55.4 KBytes   453 Kbits/sec
[  4] 55.0-56.0 sec  1.76 KBytes  14.4 Kbits/sec
[  6] 55.0-56.0 sec  0.00 Bytes  0.00 bits/sec
[SUM] 55.0-56.0 sec  57.1 KBytes   468 Kbits/sec
[  6] 56.0-57.0 sec  54.0 KBytes   442 Kbits/sec
[  5] 56.0-57.0 sec  0.00 Bytes  0.00 bits/sec
[  4] 56.0-57.0 sec  62.2 KBytes   510 Kbits/sec
[  7] 56.0-57.0 sec  45.4 KBytes   372 Kbits/sec
[SUM] 56.0-57.0 sec   162 KBytes  1.32 Mbits/sec
[  4] 57.0-58.0 sec  1.57 KBytes  12.9 Kbits/sec
[  6] 57.0-58.0 sec  9.82 KBytes  80.5 Kbits/sec
[  7] 57.0-58.0 sec  44.0 KBytes   360 Kbits/sec
[  5] 57.0-58.0 sec  5.73 KBytes  46.9 Kbits/sec
[SUM] 57.0-58.0 sec  61.1 KBytes   500 Kbits/sec
[  4] 58.0-59.0 sec  0.00 Bytes  0.00 bits/sec
[  5] 58.0-59.0 sec  2.73 KBytes  22.3 Kbits/sec
[  6] 58.0-59.0 sec  0.00 Bytes  0.00 bits/sec
[  7] 58.0-59.0 sec  19.9 KBytes   163 Kbits/sec
[SUM] 58.0-59.0 sec  22.6 KBytes   185 Kbits/sec
[  5] 59.0-60.0 sec  0.00 Bytes  0.00 bits/sec
[  6] 59.0-60.0 sec  54.0 KBytes   442 Kbits/sec
[  4] 59.0-60.0 sec  62.2 KBytes   510 Kbits/sec
[  7] 59.0-60.0 sec  28.4 KBytes   232 Kbits/sec
[SUM] 59.0-60.0 sec   145 KBytes  1.18 Mbits/sec
[  5] 60.0-61.0 sec  0.00 Bytes  0.00 bits/sec
[  4] 60.0-61.0 sec  1.57 KBytes  12.9 Kbits/sec
[  6] 60.0-61.0 sec  2.84 KBytes  23.2 Kbits/sec
[  7] 60.0-61.0 sec  15.6 KBytes   128 Kbits/sec
[SUM] 60.0-61.0 sec  20.0 KBytes   164 Kbits/sec
[  7] 61.0-62.0 sec  19.9 KBytes   163 Kbits/sec
[  4] 61.0-62.0 sec  62.2 KBytes   510 Kbits/sec
[  5] 61.0-62.0 sec  0.00 Bytes  0.00 bits/sec
[  6] 61.0-62.0 sec  0.00 Bytes  0.00 bits/sec
[SUM] 61.0-62.0 sec  82.1 KBytes   672 Kbits/sec
[  7] 62.0-63.0 sec   108 KBytes   883 Kbits/sec
[  4] 62.0-63.0 sec  0.00 Bytes  0.00 bits/sec
[  5] 62.0-63.0 sec  88.1 KBytes   722 Kbits/sec
[  6] 62.0-63.0 sec  0.00 Bytes  0.00 bits/sec
[SUM] 62.0-63.0 sec   196 KBytes  1.60 Mbits/sec
[  4] 63.0-64.0 sec  0.00 Bytes  0.00 bits/sec
[  7] 63.0-64.0 sec  3.03 KBytes  24.8 Kbits/sec
[  6] 63.0-64.0 sec  0.00 Bytes  0.00 bits/sec
[  5] 63.0-64.0 sec  63.9 KBytes   524 Kbits/sec
[SUM] 63.0-64.0 sec  66.9 KBytes   548 Kbits/sec
[  4] 64.0-65.0 sec  0.00 Bytes  0.00 bits/sec
[  6] 64.0-65.0 sec  0.00 Bytes  0.00 bits/sec
[  7] 64.0-65.0 sec  59.7 KBytes   489 Kbits/sec
[  5] 64.0-65.0 sec  16.9 KBytes   138 Kbits/sec
[SUM] 64.0-65.0 sec  76.6 KBytes   628 Kbits/sec
[  4] 65.0-66.0 sec  0.00 Bytes  0.00 bits/sec
[  7] 65.0-66.0 sec  4.06 KBytes  33.3 Kbits/sec
[  6] 65.0-66.0 sec  0.00 Bytes  0.00 bits/sec
[  5] 65.0-66.0 sec  46.9 KBytes   384 Kbits/sec
[SUM] 65.0-66.0 sec  51.0 KBytes   418 Kbits/sec
[  6] 66.0-67.0 sec  6.99 KBytes  57.2 Kbits/sec
[  5] 66.0-67.0 sec  16.9 KBytes   138 Kbits/sec
[  4] 66.0-67.0 sec  0.00 Bytes  0.00 bits/sec
[  7] 66.0-67.0 sec  63.8 KBytes   523 Kbits/sec
[SUM] 66.0-67.0 sec  87.7 KBytes   718 Kbits/sec
[  6] 67.0-68.0 sec  52.6 KBytes   431 Kbits/sec
[  5] 67.0-68.0 sec  45.5 KBytes   373 Kbits/sec
[  4] 67.0-68.0 sec  58.5 KBytes   480 Kbits/sec
[  7] 67.0-68.0 sec  0.00 Bytes  0.00 bits/sec
[SUM] 67.0-68.0 sec   157 KBytes  1.28 Mbits/sec
[  6] 68.0-69.0 sec  11.7 KBytes  96.0 Kbits/sec
[  4] 68.0-69.0 sec  15.6 KBytes   128 Kbits/sec
[  7] 68.0-69.0 sec  59.7 KBytes   489 Kbits/sec
[  5] 68.0-69.0 sec  18.3 KBytes   150 Kbits/sec
[SUM] 68.0-69.0 sec   105 KBytes   863 Kbits/sec
[  7] 69.0-70.0 sec  0.00 Bytes  0.00 bits/sec
[  4] 69.0-70.0 sec  26.4 KBytes   217 Kbits/sec
[  5] 69.0-70.0 sec  45.5 KBytes   373 Kbits/sec
[  6] 69.0-70.0 sec  35.9 KBytes   294 Kbits/sec
[SUM] 69.0-70.0 sec   108 KBytes   883 Kbits/sec
[  7] 70.0-71.0 sec  0.00 Bytes  0.00 bits/sec
[  4] 70.0-71.0 sec  1.42 KBytes  11.6 Kbits/sec
[  5] 70.0-71.0 sec  18.3 KBytes   150 Kbits/sec
[  6] 70.0-71.0 sec  0.00 Bytes  0.00 bits/sec
[SUM] 70.0-71.0 sec  19.7 KBytes   162 Kbits/sec
[  7] 71.0-72.0 sec  0.00 Bytes  0.00 bits/sec
[  4] 71.0-72.0 sec  1.42 KBytes  11.6 Kbits/sec
[  5] 71.0-72.0 sec  45.5 KBytes   373 Kbits/sec
[  6] 71.0-72.0 sec  0.00 Bytes  0.00 bits/sec
[SUM] 71.0-72.0 sec  46.9 KBytes   384 Kbits/sec
[  7] 72.0-73.0 sec  0.00 Bytes  0.00 bits/sec
[  4] 72.0-73.0 sec  19.1 KBytes   157 Kbits/sec
[  5] 72.0-73.0 sec  18.3 KBytes   150 Kbits/sec
[  6] 72.0-73.0 sec  0.00 Bytes  0.00 bits/sec
[SUM] 72.0-73.0 sec  37.5 KBytes   307 Kbits/sec
[  6] 73.0-74.0 sec  27.9 KBytes   229 Kbits/sec
[  4] 73.0-74.0 sec  0.00 Bytes  0.00 bits/sec
[  7] 73.0-74.0 sec  6.90 KBytes  56.5 Kbits/sec
[  5] 73.0-74.0 sec  63.8 KBytes   523 Kbits/sec
[SUM] 73.0-74.0 sec  98.6 KBytes   808 Kbits/sec
[  6] 74.0-75.0 sec  42.6 KBytes   349 Kbits/sec
[  5] 74.0-75.0 sec  45.5 KBytes   373 Kbits/sec
[  4] 74.0-75.0 sec  0.00 Bytes  0.00 bits/sec
[  7] 74.0-75.0 sec  63.8 KBytes   523 Kbits/sec
[SUM] 74.0-75.0 sec   152 KBytes  1.24 Mbits/sec
[  7] 75.0-76.0 sec  26.9 KBytes   221 Kbits/sec
[  6] 75.0-76.0 sec  4.25 KBytes  34.8 Kbits/sec
[  5] 75.0-76.0 sec  18.3 KBytes   150 Kbits/sec
[  4] 75.0-76.0 sec  0.00 Bytes  0.00 bits/sec
[SUM] 75.0-76.0 sec  49.5 KBytes   406 Kbits/sec
[  7] 76.0-77.0 sec  41.5 KBytes   340 Kbits/sec
[  5] 76.0-77.0 sec  0.00 Bytes  0.00 bits/sec
[  6] 76.0-77.0 sec  46.9 KBytes   384 Kbits/sec
[  4] 76.0-77.0 sec  0.00 Bytes  0.00 bits/sec
[SUM] 76.0-77.0 sec  88.4 KBytes   724 Kbits/sec
[  4] 77.0-78.0 sec  14.8 KBytes   122 Kbits/sec
[  7] 77.0-78.0 sec  58.1 KBytes   476 Kbits/sec
[  5] 77.0-78.0 sec  63.8 KBytes   523 Kbits/sec
[  6] 77.0-78.0 sec  63.8 KBytes   523 Kbits/sec
[SUM] 77.0-78.0 sec   201 KBytes  1.64 Mbits/sec
[  5] 78.0-79.0 sec  10.1 KBytes  82.9 Kbits/sec
[  4] 78.0-79.0 sec  59.0 KBytes   484 Kbits/sec
[  6] 78.0-79.0 sec  15.9 KBytes   130 Kbits/sec
[  7] 78.0-79.0 sec  0.00 Bytes  0.00 bits/sec
[SUM] 78.0-79.0 sec  85.1 KBytes   697 Kbits/sec
[  4] 79.0-80.0 sec  52.7 KBytes   431 Kbits/sec
[  5] 79.0-80.0 sec  53.7 KBytes   440 Kbits/sec
[  7] 79.0-80.0 sec  0.00 Bytes  0.00 bits/sec
[  6] 79.0-80.0 sec  47.9 KBytes   392 Kbits/sec
[SUM] 79.0-80.0 sec   154 KBytes  1.26 Mbits/sec
[  7] 80.0-81.0 sec  0.00 Bytes  0.00 bits/sec
[  4] 80.0-81.0 sec  62.9 KBytes   515 Kbits/sec
[  6] 80.0-81.0 sec  15.9 KBytes   130 Kbits/sec
[  5] 80.0-81.0 sec  10.1 KBytes  82.9 Kbits/sec
[SUM] 80.0-81.0 sec  88.9 KBytes   728 Kbits/sec
[  5] 81.0-82.0 sec  43.8 KBytes   359 Kbits/sec
[  7] 81.0-82.0 sec  0.00 Bytes  0.00 bits/sec
[  6] 81.0-82.0 sec  0.00 Bytes  0.00 bits/sec
[  4] 81.0-82.0 sec  5.06 KBytes  41.4 Kbits/sec
[SUM] 81.0-82.0 sec  48.8 KBytes   400 Kbits/sec
[  6] 82.0-83.0 sec  47.9 KBytes   392 Kbits/sec
[  5] 82.0-83.0 sec  0.00 Bytes  0.00 bits/sec
[  4] 82.0-83.0 sec  58.8 KBytes   481 Kbits/sec
[  7] 82.0-83.0 sec  9.93 KBytes  81.3 Kbits/sec
[SUM] 82.0-83.0 sec   117 KBytes   955 Kbits/sec
[  6] 83.0-84.0 sec  1.72 KBytes  14.1 Kbits/sec
[  4] 83.0-84.0 sec  5.06 KBytes  41.4 Kbits/sec
[  5] 83.0-84.0 sec  20.0 KBytes   164 Kbits/sec
[  7] 83.0-84.0 sec  4.25 KBytes  34.8 Kbits/sec
[SUM] 83.0-84.0 sec  31.1 KBytes   255 Kbits/sec
[  5] 84.0-85.0 sec  43.8 KBytes   359 Kbits/sec
[  7] 84.0-85.0 sec  2.84 KBytes  23.2 Kbits/sec
[  6] 84.0-85.0 sec  14.2 KBytes   116 Kbits/sec
[  4] 84.0-85.0 sec  58.8 KBytes   481 Kbits/sec
[SUM] 84.0-85.0 sec   120 KBytes   979 Kbits/sec
[  6] 85.0-86.0 sec  35.1 KBytes   288 Kbits/sec
[  4] 85.0-86.0 sec  5.06 KBytes  41.4 Kbits/sec
[  5] 85.0-86.0 sec  20.0 KBytes   164 Kbits/sec
[  7] 85.0-86.0 sec  7.09 KBytes  58.1 Kbits/sec
[SUM] 85.0-86.0 sec  67.3 KBytes   552 Kbits/sec
[  5] 86.0-87.0 sec  9.74 KBytes  79.8 Kbits/sec
[  6] 86.0-87.0 sec  14.5 KBytes   119 Kbits/sec
[  7] 86.0-87.0 sec  2.84 KBytes  23.2 Kbits/sec
[  4] 86.0-87.0 sec  0.00 Bytes  0.00 bits/sec
[SUM] 86.0-87.0 sec  27.1 KBytes   222 Kbits/sec
[  4] 87.0-88.0 sec  25.7 KBytes   211 Kbits/sec
[  5] 87.0-88.0 sec  0.00 Bytes  0.00 bits/sec
[  7] 87.0-88.0 sec  14.2 KBytes   116 Kbits/sec
[  6] 87.0-88.0 sec  4.44 KBytes  36.4 Kbits/sec
[SUM] 87.0-88.0 sec  44.3 KBytes   363 Kbits/sec
[  5] 88.0-89.0 sec  4.25 KBytes  34.8 Kbits/sec
[  7] 88.0-89.0 sec  0.00 Bytes  0.00 bits/sec
[  6] 88.0-89.0 sec  59.4 KBytes   486 Kbits/sec
[  4] 88.0-89.0 sec  2.84 KBytes  23.2 Kbits/sec
[SUM] 88.0-89.0 sec  66.5 KBytes   544 Kbits/sec
[  6] 89.0-90.0 sec  4.44 KBytes  36.4 Kbits/sec
[  4] 89.0-90.0 sec  5.67 KBytes  46.5 Kbits/sec
[  5] 89.0-90.0 sec  49.8 KBytes   408 Kbits/sec
[  7] 89.0-90.0 sec  32.8 KBytes   269 Kbits/sec
[SUM] 89.0-90.0 sec  92.7 KBytes   760 Kbits/sec
[  4] 90.0-91.0 sec  5.67 KBytes  46.5 Kbits/sec
[  7] 90.0-91.0 sec  3.66 KBytes  30.0 Kbits/sec
[  5] 90.0-91.0 sec  3.03 KBytes  24.8 Kbits/sec
[  6] 90.0-91.0 sec  58.3 KBytes   478 Kbits/sec
[SUM] 90.0-91.0 sec  70.7 KBytes   579 Kbits/sec
[  6] 91.0-92.0 sec  5.48 KBytes  44.9 Kbits/sec
[  4] 91.0-92.0 sec  8.51 KBytes  69.7 Kbits/sec
[  5] 91.0-92.0 sec  60.6 KBytes   497 Kbits/sec
[  7] 91.0-92.0 sec  3.43 KBytes  28.1 Kbits/sec
[SUM] 91.0-92.0 sec  78.1 KBytes   639 Kbits/sec
[  6] 92.0-93.0 sec  0.00 Bytes  0.00 bits/sec
[  7] 92.0-93.0 sec  12.6 KBytes   103 Kbits/sec
[  4] 92.0-93.0 sec  7.09 KBytes  58.1 Kbits/sec
[  5] 92.0-93.0 sec  3.17 KBytes  26.0 Kbits/sec
[SUM] 92.0-93.0 sec  22.8 KBytes   187 Kbits/sec
[  6] 93.0-94.0 sec   109 KBytes   896 Kbits/sec
[  4] 93.0-94.0 sec  8.32 KBytes  68.1 Kbits/sec
[  5] 93.0-94.0 sec  63.8 KBytes   523 Kbits/sec
[  7] 93.0-94.0 sec  51.2 KBytes   420 Kbits/sec
[SUM] 93.0-94.0 sec   233 KBytes  1.91 Mbits/sec
[  6] 94.0-95.0 sec  63.8 KBytes   523 Kbits/sec
[  4] 94.0-95.0 sec  0.00 Bytes  0.00 bits/sec
[  5] 94.0-95.0 sec  63.8 KBytes   523 Kbits/sec
[  7] 94.0-95.0 sec  56.7 KBytes   465 Kbits/sec
[SUM] 94.0-95.0 sec   184 KBytes  1.51 Mbits/sec
[  5] 95.0-96.0 sec  63.8 KBytes   523 Kbits/sec
[  7] 95.0-96.0 sec  3.66 KBytes  30.0 Kbits/sec
[  4] 95.0-96.0 sec  0.00 Bytes  0.00 bits/sec
[  6] 95.0-96.0 sec  18.2 KBytes   149 Kbits/sec
[SUM] 95.0-96.0 sec  85.7 KBytes   702 Kbits/sec
[  6] 96.0-97.0 sec  45.6 KBytes   373 Kbits/sec
[  5] 96.0-97.0 sec  37.1 KBytes   304 Kbits/sec
[  4] 96.0-97.0 sec  0.00 Bytes  0.00 bits/sec
[  7] 96.0-97.0 sec  60.1 KBytes   493 Kbits/sec
[SUM] 96.0-97.0 sec   143 KBytes  1.17 Mbits/sec
[  6] 97.0-98.0 sec  18.2 KBytes   149 Kbits/sec
[  4] 97.0-98.0 sec  0.00 Bytes  0.00 bits/sec
[  7] 97.0-98.0 sec  3.66 KBytes  30.0 Kbits/sec
[  5] 97.0-98.0 sec  26.8 KBytes   219 Kbits/sec
[SUM] 97.0-98.0 sec  48.7 KBytes   399 Kbits/sec
[  5] 98.0-99.0 sec  37.1 KBytes   304 Kbits/sec
[  4] 98.0-99.0 sec  0.00 Bytes  0.00 bits/sec
[  7] 98.0-99.0 sec  0.00 Bytes  0.00 bits/sec
[  6] 98.0-99.0 sec  45.6 KBytes   373 Kbits/sec
[SUM] 98.0-99.0 sec  82.6 KBytes   677 Kbits/sec
[  7] 99.0-100.0 sec  3.43 KBytes  28.1 Kbits/sec
[  6] 99.0-100.0 sec  18.2 KBytes   149 Kbits/sec
[  4] 99.0-100.0 sec  0.00 Bytes  0.00 bits/sec
[  5] 99.0-100.0 sec  26.8 KBytes   219 Kbits/sec
[SUM] 99.0-100.0 sec  48.4 KBytes   397 Kbits/sec
[  6] 100.0-101.0 sec  45.6 KBytes   373 Kbits/sec
[  4] 100.0-101.0 sec  0.00 Bytes  0.00 bits/sec
[  5] 100.0-101.0 sec  37.1 KBytes   304 Kbits/sec
[  7] 100.0-101.0 sec  56.7 KBytes   465 Kbits/sec
[SUM] 100.0-101.0 sec   139 KBytes  1.14 Mbits/sec
[  6] 101.0-102.0 sec  18.2 KBytes   149 Kbits/sec
[  4] 101.0-102.0 sec  0.00 Bytes  0.00 bits/sec
[  5] 101.0-102.0 sec  26.8 KBytes   219 Kbits/sec
[  7] 101.0-102.0 sec  3.66 KBytes  30.0 Kbits/sec
[SUM] 101.0-102.0 sec  48.7 KBytes   399 Kbits/sec
[  5] 102.0-103.0 sec  37.1 KBytes   304 Kbits/sec
[  7] 102.0-103.0 sec  3.43 KBytes  28.1 Kbits/sec
[  6] 102.0-103.0 sec  45.6 KBytes   373 Kbits/sec
[  4] 102.0-103.0 sec  28.5 KBytes   234 Kbits/sec
[SUM] 102.0-103.0 sec   115 KBytes   939 Kbits/sec
[  5] 103.0-104.0 sec  0.00 Bytes  0.00 bits/sec
[  7] 103.0-104.0 sec  5.86 KBytes  48.0 Kbits/sec
[  6] 103.0-104.0 sec  18.2 KBytes   149 Kbits/sec
[  4] 103.0-104.0 sec  19.9 KBytes   163 Kbits/sec
[SUM] 103.0-104.0 sec  44.0 KBytes   360 Kbits/sec
[  5] 104.0-105.0 sec  26.8 KBytes   219 Kbits/sec
[  4] 104.0-105.0 sec  1.61 KBytes  13.2 Kbits/sec
[  6] 104.0-105.0 sec  45.6 KBytes   373 Kbits/sec
[  7] 104.0-105.0 sec  54.5 KBytes   447 Kbits/sec
[SUM] 104.0-105.0 sec   128 KBytes  1.05 Mbits/sec
[  4] 105.0-106.0 sec  62.2 KBytes   510 Kbits/sec
[  6] 105.0-106.0 sec  0.00 Bytes  0.00 bits/sec
[  5] 105.0-106.0 sec  63.8 KBytes   523 Kbits/sec
[  7] 105.0-106.0 sec  3.43 KBytes  28.1 Kbits/sec
[SUM] 105.0-106.0 sec   129 KBytes  1.06 Mbits/sec
[  4] 106.0-107.0 sec  1.61 KBytes  13.2 Kbits/sec
[  7] 106.0-107.0 sec  5.86 KBytes  48.0 Kbits/sec
[  6] 106.0-107.0 sec  18.2 KBytes   149 Kbits/sec
[  5] 106.0-107.0 sec  0.00 Bytes  0.00 bits/sec
[SUM] 106.0-107.0 sec  25.7 KBytes   211 Kbits/sec
[  7] 107.0-108.0 sec  0.00 Bytes  0.00 bits/sec
[  4] 107.0-108.0 sec  49.4 KBytes   405 Kbits/sec
[  6] 107.0-108.0 sec  1.61 KBytes  13.2 Kbits/sec
[  5] 107.0-108.0 sec  37.1 KBytes   304 Kbits/sec
[SUM] 107.0-108.0 sec  88.1 KBytes   722 Kbits/sec
[  4] 108.0-109.0 sec  14.4 KBytes   118 Kbits/sec
[  6] 108.0-109.0 sec  53.9 KBytes   441 Kbits/sec
[  7] 108.0-109.0 sec  54.5 KBytes   447 Kbits/sec
[  5] 108.0-109.0 sec  63.8 KBytes   523 Kbits/sec
[SUM] 108.0-109.0 sec   187 KBytes  1.53 Mbits/sec
[  4] 109.0-110.0 sec  51.0 KBytes   418 Kbits/sec
[  5] 109.0-110.0 sec  26.8 KBytes   219 Kbits/sec
[  6] 109.0-110.0 sec  8.51 KBytes  69.7 Kbits/sec
[  7] 109.0-110.0 sec  0.00 Bytes  0.00 bits/sec
[SUM] 109.0-110.0 sec  86.3 KBytes   707 Kbits/sec
[  5] 110.0-111.0 sec  63.8 KBytes   523 Kbits/sec
[  4] 110.0-111.0 sec  52.5 KBytes   430 Kbits/sec
[  6] 110.0-111.0 sec  55.3 KBytes   453 Kbits/sec
[  7] 110.0-111.0 sec  0.00 Bytes  0.00 bits/sec
[SUM] 110.0-111.0 sec   172 KBytes  1.41 Mbits/sec
[  6] 111.0-112.0 sec  4.25 KBytes  34.8 Kbits/sec
[  4] 111.0-112.0 sec  64.0 KBytes   524 Kbits/sec
[  5] 111.0-112.0 sec  37.1 KBytes   304 Kbits/sec
[  7] 111.0-112.0 sec  0.00 Bytes  0.00 bits/sec
[SUM] 111.0-112.0 sec   105 KBytes   863 Kbits/sec
[  6] 112.0-113.0 sec  4.25 KBytes  34.8 Kbits/sec
[  7] 112.0-113.0 sec  0.00 Bytes  0.00 bits/sec
[  5] 112.0-113.0 sec  26.8 KBytes   219 Kbits/sec
[  4] 112.0-113.0 sec  5.48 KBytes  44.9 Kbits/sec
[SUM] 112.0-113.0 sec  36.5 KBytes   299 Kbits/sec
[  4] 113.0-114.0 sec  0.00 Bytes  0.00 bits/sec
[  5] 113.0-114.0 sec  37.1 KBytes   304 Kbits/sec
[  6] 113.0-114.0 sec  55.3 KBytes   453 Kbits/sec
[  7] 113.0-114.0 sec  0.00 Bytes  0.00 bits/sec
[SUM] 113.0-114.0 sec  92.4 KBytes   757 Kbits/sec
[  5] 114.0-115.0 sec  26.8 KBytes   219 Kbits/sec
[  4] 114.0-115.0 sec  58.3 KBytes   478 Kbits/sec
[  7] 114.0-115.0 sec  0.00 Bytes  0.00 bits/sec
[  6] 114.0-115.0 sec  4.25 KBytes  34.8 Kbits/sec
[SUM] 114.0-115.0 sec  89.3 KBytes   732 Kbits/sec
[  7] 115.0-116.0 sec  27.7 KBytes   227 Kbits/sec
[  4] 115.0-116.0 sec  5.48 KBytes  44.9 Kbits/sec
[  6] 115.0-116.0 sec  4.25 KBytes  34.8 Kbits/sec
[  5] 115.0-116.0 sec  37.1 KBytes   304 Kbits/sec
[SUM] 115.0-116.0 sec  74.5 KBytes   610 Kbits/sec
[  4] 116.0-117.0 sec  58.3 KBytes   478 Kbits/sec
[  6] 116.0-117.0 sec  55.3 KBytes   453 Kbits/sec
[  5] 116.0-117.0 sec  26.8 KBytes   219 Kbits/sec
[  7] 116.0-117.0 sec  42.5 KBytes   348 Kbits/sec
[SUM] 116.0-117.0 sec   183 KBytes  1.50 Mbits/sec
[  4] 117.0-118.0 sec  5.48 KBytes  44.9 Kbits/sec
[  6] 117.0-118.0 sec  4.25 KBytes  34.8 Kbits/sec
[  5] 117.0-118.0 sec  37.1 KBytes   304 Kbits/sec
[  7] 117.0-118.0 sec  24.1 KBytes   197 Kbits/sec
[SUM] 117.0-118.0 sec  70.9 KBytes   581 Kbits/sec
[  5] 118.0-119.0 sec  21.5 KBytes   176 Kbits/sec
[  4] 118.0-119.0 sec  58.3 KBytes   478 Kbits/sec
[  7] 118.0-119.0 sec  39.9 KBytes   327 Kbits/sec
[  6] 118.0-119.0 sec  4.25 KBytes  34.8 Kbits/sec
[SUM] 118.0-119.0 sec   124 KBytes  1.02 Mbits/sec
[  6] 119.0-120.0 sec  59.6 KBytes   488 Kbits/sec
[  5] 119.0-120.0 sec  24.1 KBytes   197 Kbits/sec
[  7] 119.0-120.0 sec  0.00 Bytes  0.00 bits/sec
[  4] 119.0-120.0 sec  5.48 KBytes  44.9 Kbits/sec
[SUM] 119.0-120.0 sec  89.1 KBytes   730 Kbits/sec
[  6] 120.0-121.0 sec  0.00 Bytes  0.00 bits/sec
[  5] 120.0-121.0 sec  52.5 KBytes   430 Kbits/sec
[  4] 120.0-121.0 sec  58.3 KBytes   478 Kbits/sec
[  7] 120.0-121.0 sec  23.9 KBytes   196 Kbits/sec
[SUM] 120.0-121.0 sec   135 KBytes  1.10 Mbits/sec
[  4] 121.0-122.0 sec  0.00 Bytes  0.00 bits/sec
[  6] 121.0-122.0 sec  4.25 KBytes  34.8 Kbits/sec
[  5] 121.0-122.0 sec  9.93 KBytes  81.3 Kbits/sec
[  7] 121.0-122.0 sec  48.4 KBytes   397 Kbits/sec
[SUM] 121.0-122.0 sec  62.6 KBytes   513 Kbits/sec
[  6] 122.0-123.0 sec  59.7 KBytes   489 Kbits/sec
[  7] 122.0-123.0 sec  59.6 KBytes   488 Kbits/sec
[  4] 122.0-123.0 sec  5.48 KBytes  44.9 Kbits/sec
[  5] 122.0-123.0 sec  7.09 KBytes  58.1 Kbits/sec
[SUM] 122.0-123.0 sec   132 KBytes  1.08 Mbits/sec
[  6] 123.0-124.0 sec  0.00 Bytes  0.00 bits/sec
[  7] 123.0-124.0 sec  4.25 KBytes  34.8 Kbits/sec
[  4] 123.0-124.0 sec  58.3 KBytes   478 Kbits/sec
[  5] 123.0-124.0 sec  46.3 KBytes   379 Kbits/sec
[SUM] 123.0-124.0 sec   109 KBytes   892 Kbits/sec
[  6] 124.0-125.0 sec  0.00 Bytes  0.00 bits/sec
[  7] 124.0-125.0 sec  0.00 Bytes  0.00 bits/sec
[  4] 124.0-125.0 sec  0.00 Bytes  0.00 bits/sec
[  5] 124.0-125.0 sec  19.1 KBytes   157 Kbits/sec
[SUM] 124.0-125.0 sec  19.1 KBytes   157 Kbits/sec
[  6] 125.0-126.0 sec  0.00 Bytes  0.00 bits/sec
[  5] 125.0-126.0 sec  44.7 KBytes   366 Kbits/sec
[  7] 125.0-126.0 sec  0.00 Bytes  0.00 bits/sec
[  4] 125.0-126.0 sec  0.00 Bytes  0.00 bits/sec
[SUM] 125.0-126.0 sec  44.7 KBytes   366 Kbits/sec
[  5] 126.0-127.0 sec  23.4 KBytes   191 Kbits/sec
[  6] 126.0-127.0 sec  0.00 Bytes  0.00 bits/sec
[  7] 126.0-127.0 sec  0.00 Bytes  0.00 bits/sec
[  4] 126.0-127.0 sec  0.00 Bytes  0.00 bits/sec
[SUM] 126.0-127.0 sec  23.4 KBytes   191 Kbits/sec
[  6] 127.0-128.0 sec  0.00 Bytes  0.00 bits/sec
[  7] 127.0-128.0 sec  0.00 Bytes  0.00 bits/sec
[  4] 127.0-128.0 sec  0.00 Bytes  0.00 bits/sec
[  5] 127.0-128.0 sec  48.2 KBytes   395 Kbits/sec
[SUM] 127.0-128.0 sec  48.2 KBytes   395 Kbits/sec
[  6] 128.0-129.0 sec  5.48 KBytes  44.9 Kbits/sec
[  4] 128.0-129.0 sec  5.48 KBytes  44.9 Kbits/sec
[  7] 128.0-129.0 sec  0.00 Bytes  0.00 bits/sec
[  5] 128.0-129.0 sec  56.9 KBytes   466 Kbits/sec
[SUM] 128.0-129.0 sec  67.9 KBytes   556 Kbits/sec
[  4] 129.0-130.0 sec  53.2 KBytes   436 Kbits/sec
[  5] 129.0-130.0 sec  9.74 KBytes  79.8 Kbits/sec
[  6] 129.0-130.0 sec  46.2 KBytes   379 Kbits/sec
[  7] 129.0-130.0 sec  0.00 Bytes  0.00 bits/sec
[SUM] 129.0-130.0 sec   109 KBytes   894 Kbits/sec
[  7] 130.0-131.0 sec  54.5 KBytes   447 Kbits/sec
[  5] 130.0-131.0 sec  0.00 Bytes  0.00 bits/sec
[  4] 130.0-131.0 sec  38.3 KBytes   314 Kbits/sec
[  6] 130.0-131.0 sec  1.67 KBytes  13.7 Kbits/sec
[SUM] 130.0-131.0 sec  94.5 KBytes   774 Kbits/sec
[  5] 131.0-132.0 sec  0.00 Bytes  0.00 bits/sec
[  7] 131.0-132.0 sec  44.0 KBytes   360 Kbits/sec
[  4] 131.0-132.0 sec  62.4 KBytes   511 Kbits/sec
[  6] 131.0-132.0 sec  58.8 KBytes   481 Kbits/sec
[SUM] 131.0-132.0 sec   165 KBytes  1.35 Mbits/sec
[  5] 132.0-133.0 sec  0.00 Bytes  0.00 bits/sec
[  7] 132.0-133.0 sec  1.42 KBytes  11.6 Kbits/sec
[  6] 132.0-133.0 sec  0.00 Bytes  0.00 bits/sec
[  4] 132.0-133.0 sec  12.0 KBytes  98.4 Kbits/sec
[SUM] 132.0-133.0 sec  13.4 KBytes   110 Kbits/sec
[  5] 133.0-134.0 sec  0.00 Bytes  0.00 bits/sec
[  6] 133.0-134.0 sec  0.00 Bytes  0.00 bits/sec
[  7] 133.0-134.0 sec  17.0 KBytes   140 Kbits/sec
[  4] 133.0-134.0 sec  51.8 KBytes   424 Kbits/sec
[SUM] 133.0-134.0 sec  68.8 KBytes   564 Kbits/sec
[  7] 134.0-135.0 sec  45.5 KBytes   373 Kbits/sec
[  5] 134.0-135.0 sec  0.00 Bytes  0.00 bits/sec
[  4] 134.0-135.0 sec  12.2 KBytes  99.9 Kbits/sec
[  6] 134.0-135.0 sec  0.00 Bytes  0.00 bits/sec
[SUM] 134.0-135.0 sec  57.7 KBytes   473 Kbits/sec
[  5] 135.0-136.0 sec  1.61 KBytes  13.2 Kbits/sec
[  4] 135.0-136.0 sec  0.00 Bytes  0.00 bits/sec
[  7] 135.0-136.0 sec  45.4 KBytes   372 Kbits/sec
[  6] 135.0-136.0 sec  0.00 Bytes  0.00 bits/sec
[SUM] 135.0-136.0 sec  47.0 KBytes   385 Kbits/sec
[  5] 136.0-137.0 sec  45.4 KBytes   372 Kbits/sec
[  4] 136.0-137.0 sec  51.6 KBytes   423 Kbits/sec
[  6] 136.0-137.0 sec  0.00 Bytes  0.00 bits/sec
[  7] 136.0-137.0 sec  63.8 KBytes   523 Kbits/sec
[SUM] 136.0-137.0 sec   161 KBytes  1.32 Mbits/sec
[  6] 137.0-138.0 sec  3.36 KBytes  27.6 Kbits/sec
[  5] 137.0-138.0 sec  10.3 KBytes  84.8 Kbits/sec
[  7] 137.0-138.0 sec  0.00 Bytes  0.00 bits/sec
[  4] 137.0-138.0 sec  12.2 KBytes  99.9 Kbits/sec
[SUM] 137.0-138.0 sec  25.9 KBytes   212 Kbits/sec
[  4] 138.0-139.0 sec  51.6 KBytes   423 Kbits/sec
[  6] 138.0-139.0 sec  53.8 KBytes   440 Kbits/sec
[  5] 138.0-139.0 sec  53.7 KBytes   440 Kbits/sec
[  7] 138.0-139.0 sec  0.00 Bytes  0.00 bits/sec
[SUM] 138.0-139.0 sec   159 KBytes  1.30 Mbits/sec
[  5] 139.0-140.0 sec  66.9 KBytes   548 Kbits/sec
[  6] 139.0-140.0 sec  41.6 KBytes   341 Kbits/sec
[  7] 139.0-140.0 sec  0.00 Bytes  0.00 bits/sec
[  4] 139.0-140.0 sec  12.2 KBytes  99.9 Kbits/sec
[SUM] 139.0-140.0 sec   121 KBytes   989 Kbits/sec
[  5] 140.0-141.0 sec   136 KBytes  1.12 Mbits/sec
[  6] 140.0-141.0 sec  0.00 Bytes  0.00 bits/sec
[  7] 140.0-141.0 sec  0.00 Bytes  0.00 bits/sec
[  4] 140.0-141.0 sec  0.00 Bytes  0.00 bits/sec
[SUM] 140.0-141.0 sec   136 KBytes  1.12 Mbits/sec
[  5] 141.0-142.0 sec  63.8 KBytes   523 Kbits/sec
[  6] 141.0-142.0 sec  0.00 Bytes  0.00 bits/sec
[  7] 141.0-142.0 sec  0.00 Bytes  0.00 bits/sec
[  4] 141.0-142.0 sec  0.00 Bytes  0.00 bits/sec
[SUM] 141.0-142.0 sec  63.8 KBytes   523 Kbits/sec
[  7] 142.0-143.0 sec  2.70 KBytes  22.1 Kbits/sec
[  5] 142.0-143.0 sec  52.3 KBytes   429 Kbits/sec
[  6] 142.0-143.0 sec  0.00 Bytes  0.00 bits/sec
[  4] 142.0-143.0 sec  0.00 Bytes  0.00 bits/sec
[SUM] 142.0-143.0 sec  55.0 KBytes   451 Kbits/sec
[  4] 143.0-144.0 sec  0.00 Bytes  0.00 bits/sec
[  5] 143.0-144.0 sec  11.5 KBytes  94.1 Kbits/sec
[  6] 143.0-144.0 sec  0.00 Bytes  0.00 bits/sec
[  7] 143.0-144.0 sec  60.6 KBytes   497 Kbits/sec
[SUM] 143.0-144.0 sec  72.1 KBytes   591 Kbits/sec
[  7] 144.0-145.0 sec  39.7 KBytes   325 Kbits/sec
[  6] 144.0-145.0 sec  1.42 KBytes  11.6 Kbits/sec
[  4] 144.0-145.0 sec  81.4 KBytes   667 Kbits/sec
[  5] 144.0-145.0 sec  2.69 KBytes  22.1 Kbits/sec
[SUM] 144.0-145.0 sec   125 KBytes  1.03 Mbits/sec
[  4] 145.0-146.0 sec  78.0 Bytes   624 bits/sec
[  7] 145.0-146.0 sec  24.1 KBytes   197 Kbits/sec
[  5] 145.0-146.0 sec  61.1 KBytes   501 Kbits/sec
[  6] 145.0-146.0 sec  29.8 KBytes   244 Kbits/sec
[SUM] 145.0-146.0 sec   115 KBytes   943 Kbits/sec
[  4] 146.0-147.0 sec  17.0 KBytes   139 Kbits/sec
[  5] 146.0-147.0 sec  2.69 KBytes  22.1 Kbits/sec
[  7] 146.0-147.0 sec  1.64 KBytes  13.4 Kbits/sec
[  6] 146.0-147.0 sec  14.6 KBytes   119 Kbits/sec
[SUM] 146.0-147.0 sec  35.9 KBytes   294 Kbits/sec
[  6] 147.0-148.0 sec  3.09 KBytes  25.3 Kbits/sec
[  7] 147.0-148.0 sec  1.65 KBytes  13.5 Kbits/sec
[  4] 147.0-148.0 sec  40.2 KBytes   329 Kbits/sec
[  5] 147.0-148.0 sec  17.2 KBytes   141 Kbits/sec
[SUM] 147.0-148.0 sec  62.1 KBytes   508 Kbits/sec
[  5] 148.0-149.0 sec  2.69 KBytes  22.1 Kbits/sec
[  7] 148.0-149.0 sec  40.0 KBytes   328 Kbits/sec
[  6] 148.0-149.0 sec  59.5 KBytes   487 Kbits/sec
[  4] 148.0-149.0 sec  22.5 KBytes   184 Kbits/sec
[SUM] 148.0-149.0 sec   125 KBytes  1.02 Mbits/sec
[  5] 149.0-150.0 sec  0.00 Bytes  0.00 bits/sec
[  7] 149.0-150.0 sec  20.7 KBytes   170 Kbits/sec
[  4] 149.0-150.0 sec  0.00 Bytes  0.00 bits/sec
[  6] 149.0-150.0 sec  4.32 KBytes  35.4 Kbits/sec
[SUM] 149.0-150.0 sec  25.0 KBytes   205 Kbits/sec
[  4] 150.0-151.0 sec  15.8 KBytes   129 Kbits/sec
[  6] 150.0-151.0 sec  58.3 KBytes   478 Kbits/sec
[  5] 150.0-151.0 sec  18.6 KBytes   152 Kbits/sec
[  7] 150.0-151.0 sec  1.45 KBytes  11.8 Kbits/sec
[SUM] 150.0-151.0 sec  94.1 KBytes   771 Kbits/sec
[  4] 151.0-152.0 sec  7.09 KBytes  58.1 Kbits/sec
[  7] 151.0-152.0 sec  41.7 KBytes   341 Kbits/sec
[  6] 151.0-152.0 sec  5.48 KBytes  44.9 Kbits/sec
[  5] 151.0-152.0 sec  1.42 KBytes  11.6 Kbits/sec
[SUM] 151.0-152.0 sec  55.7 KBytes   456 Kbits/sec
[  7] 152.0-153.0 sec  22.1 KBytes   181 Kbits/sec
[  6] 152.0-153.0 sec  44.1 KBytes   362 Kbits/sec
[  4] 152.0-153.0 sec  9.93 KBytes  81.3 Kbits/sec
[  5] 152.0-153.0 sec  0.00 Bytes  0.00 bits/sec
[SUM] 152.0-153.0 sec  76.2 KBytes   624 Kbits/sec
[  7] 153.0-154.0 sec  0.00 Bytes  0.00 bits/sec
[  6] 153.0-154.0 sec  19.7 KBytes   161 Kbits/sec
[  4] 153.0-154.0 sec  15.2 KBytes   125 Kbits/sec
[  5] 153.0-154.0 sec  0.00 Bytes  0.00 bits/sec
[SUM] 153.0-154.0 sec  34.9 KBytes   286 Kbits/sec
[  4] 154.0-155.0 sec  31.6 KBytes   259 Kbits/sec
[  7] 154.0-155.0 sec  41.7 KBytes   341 Kbits/sec
[  5] 154.0-155.0 sec  0.00 Bytes  0.00 bits/sec
[  6] 154.0-155.0 sec  44.1 KBytes   362 Kbits/sec
[SUM] 154.0-155.0 sec   117 KBytes   961 Kbits/sec
[  4] 155.0-156.0 sec  21.5 KBytes   176 Kbits/sec
[  7] 155.0-156.0 sec  0.00 Bytes  0.00 bits/sec
[  5] 155.0-156.0 sec  0.00 Bytes  0.00 bits/sec
[  6] 155.0-156.0 sec  0.00 Bytes  0.00 bits/sec
[SUM] 155.0-156.0 sec  21.5 KBytes   176 Kbits/sec
[  5] 156.0-157.0 sec  4.25 KBytes  34.8 Kbits/sec
[  7] 156.0-157.0 sec  0.00 Bytes  0.00 bits/sec
[  4] 156.0-157.0 sec  63.8 KBytes   523 Kbits/sec
[  6] 156.0-157.0 sec  0.00 Bytes  0.00 bits/sec
[SUM] 156.0-157.0 sec  68.1 KBytes   558 Kbits/sec
[  5] 157.0-158.0 sec  78.3 KBytes   642 Kbits/sec
[  4] 157.0-158.0 sec  45.2 KBytes   370 Kbits/sec
[  7] 157.0-158.0 sec  0.00 Bytes  0.00 bits/sec
[  6] 157.0-158.0 sec  0.00 Bytes  0.00 bits/sec
[SUM] 157.0-158.0 sec   124 KBytes  1.01 Mbits/sec
[  6] 158.0-159.0 sec  0.00 Bytes  0.00 bits/sec
[  5] 158.0-159.0 sec  25.5 KBytes   209 Kbits/sec
[  7] 158.0-159.0 sec  0.00 Bytes  0.00 bits/sec
[  4] 158.0-159.0 sec  18.6 KBytes   153 Kbits/sec
[SUM] 158.0-159.0 sec  44.1 KBytes   362 Kbits/sec
[  5] 159.0-160.0 sec  29.8 KBytes   244 Kbits/sec
[  4] 159.0-160.0 sec  45.2 KBytes   370 Kbits/sec
[  7] 159.0-160.0 sec  0.00 Bytes  0.00 bits/sec
[  6] 159.0-160.0 sec  52.9 KBytes   433 Kbits/sec
[SUM] 159.0-160.0 sec   128 KBytes  1.05 Mbits/sec
[  5] 160.0-161.0 sec  15.6 KBytes   128 Kbits/sec
[  4] 160.0-161.0 sec  18.6 KBytes   153 Kbits/sec
[  7] 160.0-161.0 sec  20.7 KBytes   170 Kbits/sec
[  6] 160.0-161.0 sec  0.00 Bytes  0.00 bits/sec
[SUM] 160.0-161.0 sec  54.9 KBytes   450 Kbits/sec
[  6] 161.0-162.0 sec  0.00 Bytes  0.00 bits/sec
[  4] 161.0-162.0 sec  0.00 Bytes  0.00 bits/sec
[  7] 161.0-162.0 sec  29.8 KBytes   244 Kbits/sec
[  5] 161.0-162.0 sec  35.4 KBytes   290 Kbits/sec
[SUM] 161.0-162.0 sec  65.3 KBytes   535 Kbits/sec
[  6] 162.0-163.0 sec  6.92 KBytes  56.7 Kbits/sec
[  4] 162.0-163.0 sec  45.2 KBytes   370 Kbits/sec
[  7] 162.0-163.0 sec  8.51 KBytes  69.7 Kbits/sec
[  5] 162.0-163.0 sec  7.09 KBytes  58.1 Kbits/sec
[SUM] 162.0-163.0 sec  67.7 KBytes   555 Kbits/sec
[  7] 163.0-164.0 sec  32.6 KBytes   267 Kbits/sec
[  6] 163.0-164.0 sec  0.00 Bytes  0.00 bits/sec
[  4] 163.0-164.0 sec  18.6 KBytes   153 Kbits/sec
[  5] 163.0-164.0 sec  4.25 KBytes  34.8 Kbits/sec
[SUM] 163.0-164.0 sec  55.5 KBytes   455 Kbits/sec
[  6] 164.0-165.0 sec  0.00 Bytes  0.00 bits/sec
[  7] 164.0-165.0 sec  64.0 KBytes   524 Kbits/sec
[  5] 164.0-165.0 sec  16.4 KBytes   135 Kbits/sec
[  4] 164.0-165.0 sec  45.2 KBytes   370 Kbits/sec
[SUM] 164.0-165.0 sec   126 KBytes  1.03 Mbits/sec
[  4] 165.0-166.0 sec  18.6 KBytes   153 Kbits/sec
[  5] 165.0-166.0 sec  1.42 KBytes  11.6 Kbits/sec
[  6] 165.0-166.0 sec  0.00 Bytes  0.00 bits/sec
[  7] 165.0-166.0 sec  22.1 KBytes   181 Kbits/sec
[SUM] 165.0-166.0 sec  42.2 KBytes   345 Kbits/sec
[  7] 166.0-167.0 sec  0.00 Bytes  0.00 bits/sec
[  5] 166.0-167.0 sec  0.00 Bytes  0.00 bits/sec
[  6] 166.0-167.0 sec  0.00 Bytes  0.00 bits/sec
[  4] 166.0-167.0 sec  45.2 KBytes   370 Kbits/sec
[SUM] 166.0-167.0 sec  45.2 KBytes   370 Kbits/sec
[  6] 167.0-168.0 sec  28.5 KBytes   233 Kbits/sec
[  4] 167.0-168.0 sec  3.03 KBytes  24.8 Kbits/sec
[  7] 167.0-168.0 sec  12.8 KBytes   105 Kbits/sec
[  5] 167.0-168.0 sec  62.4 KBytes   511 Kbits/sec
[SUM] 167.0-168.0 sec   107 KBytes   874 Kbits/sec
[  4] 168.0-169.0 sec  4.25 KBytes  34.8 Kbits/sec
[  7] 168.0-169.0 sec  28.4 KBytes   232 Kbits/sec
[  6] 168.0-169.0 sec  25.5 KBytes   209 Kbits/sec
[  5] 168.0-169.0 sec  1.42 KBytes  11.6 Kbits/sec
[SUM] 168.0-169.0 sec  59.6 KBytes   488 Kbits/sec
[  4] 169.0-170.0 sec  1.42 KBytes  11.6 Kbits/sec
[  6] 169.0-170.0 sec  64.0 KBytes   524 Kbits/sec
[  5] 169.0-170.0 sec  62.6 KBytes   513 Kbits/sec
[  7] 169.0-170.0 sec  0.00 Bytes  0.00 bits/sec
[SUM] 169.0-170.0 sec   128 KBytes  1.05 Mbits/sec
[  4] 170.0-171.0 sec  73.7 KBytes   604 Kbits/sec
[  5] 170.0-171.0 sec  31.2 KBytes   256 Kbits/sec
[  6] 170.0-171.0 sec  0.00 Bytes  0.00 bits/sec
[  7] 170.0-171.0 sec  0.00 Bytes  0.00 bits/sec
[SUM] 170.0-171.0 sec   105 KBytes   860 Kbits/sec
[  5] 171.0-172.0 sec  62.4 KBytes   511 Kbits/sec
[  6] 171.0-172.0 sec  0.00 Bytes  0.00 bits/sec
[  4] 171.0-172.0 sec  52.5 KBytes   430 Kbits/sec
[  7] 171.0-172.0 sec  0.00 Bytes  0.00 bits/sec
[SUM] 171.0-172.0 sec   115 KBytes   941 Kbits/sec
[  5] 172.0-173.0 sec  0.00 Bytes  0.00 bits/sec
[  6] 172.0-173.0 sec  0.00 Bytes  0.00 bits/sec
[  4] 172.0-173.0 sec  0.00 Bytes  0.00 bits/sec
[  7] 172.0-173.0 sec  0.00 Bytes  0.00 bits/sec
[SUM] 172.0-173.0 sec  0.00 Bytes  0.00 bits/sec
[  5] 173.0-174.0 sec  34.2 KBytes   280 Kbits/sec
[  6] 173.0-174.0 sec  0.00 Bytes  0.00 bits/sec
[  4] 173.0-174.0 sec  0.00 Bytes  0.00 bits/sec
[  7] 173.0-174.0 sec  0.00 Bytes  0.00 bits/sec
[SUM] 173.0-174.0 sec  34.2 KBytes   280 Kbits/sec
[  7] 174.0-175.0 sec  42.5 KBytes   348 Kbits/sec
[  6] 174.0-175.0 sec  1.42 KBytes  11.6 Kbits/sec
[  5] 174.0-175.0 sec  29.6 KBytes   242 Kbits/sec
[  4] 174.0-175.0 sec  0.00 Bytes  0.00 bits/sec
[SUM] 174.0-175.0 sec  73.5 KBytes   602 Kbits/sec
[  7] 175.0-176.0 sec  64.0 KBytes   524 Kbits/sec
[  6] 175.0-176.0 sec  29.8 KBytes   244 Kbits/sec
[  5] 175.0-176.0 sec  34.2 KBytes   280 Kbits/sec
[  4] 175.0-176.0 sec  0.00 Bytes  0.00 bits/sec
[SUM] 175.0-176.0 sec   128 KBytes  1.05 Mbits/sec
[  7] 176.0-177.0 sec  63.8 KBytes   523 Kbits/sec
[  4] 176.0-177.0 sec  0.00 Bytes  0.00 bits/sec
[  5] 176.0-177.0 sec  63.8 KBytes   523 Kbits/sec
[  6] 176.0-177.0 sec  37.4 KBytes   307 Kbits/sec
[SUM] 176.0-177.0 sec   165 KBytes  1.35 Mbits/sec
[  4] 177.0-178.0 sec  1.61 KBytes  13.2 Kbits/sec
[  7] 177.0-178.0 sec  1.61 KBytes  13.2 Kbits/sec
[  5] 177.0-178.0 sec  0.00 Bytes  0.00 bits/sec
[  6] 177.0-178.0 sec  0.00 Bytes  0.00 bits/sec
[SUM] 177.0-178.0 sec  3.21 KBytes  26.3 Kbits/sec
[  7] 178.0-179.0 sec  1.52 KBytes  12.4 Kbits/sec
[  5] 178.0-179.0 sec  29.6 KBytes   242 Kbits/sec
[  6] 178.0-179.0 sec  13.8 KBytes   113 Kbits/sec
[  4] 178.0-179.0 sec  34.0 KBytes   279 Kbits/sec
[SUM] 178.0-179.0 sec  78.9 KBytes   646 Kbits/sec
[  4] 179.0-180.0 sec  1.42 KBytes  11.6 Kbits/sec
[  7] 179.0-180.0 sec  0.00 Bytes  0.00 bits/sec
[  6] 179.0-180.0 sec  0.00 Bytes  0.00 bits/sec
[  5] 179.0-180.0 sec  34.2 KBytes   280 Kbits/sec
[SUM] 179.0-180.0 sec  35.6 KBytes   292 Kbits/sec
[  4] 180.0-181.0 sec  62.6 KBytes   513 Kbits/sec
[  6] 180.0-181.0 sec  8.19 KBytes  67.1 Kbits/sec
[  7] 180.0-181.0 sec  62.3 KBytes   510 Kbits/sec
[  5] 180.0-181.0 sec  0.00 Bytes  0.00 bits/sec
[SUM] 180.0-181.0 sec   133 KBytes  1.09 Mbits/sec
[  4] 181.0-182.0 sec  0.00 Bytes  0.00 bits/sec
[  7] 181.0-182.0 sec  0.00 Bytes  0.00 bits/sec
[  6] 181.0-182.0 sec  30.5 KBytes   250 Kbits/sec
[  5] 181.0-182.0 sec  0.00 Bytes  0.00 bits/sec
[SUM] 181.0-182.0 sec  30.5 KBytes   250 Kbits/sec
[  7] 182.0-183.0 sec  1.52 KBytes  12.4 Kbits/sec
[  6] 182.0-183.0 sec  31.9 KBytes   262 Kbits/sec
[  4] 182.0-183.0 sec  53.4 KBytes   437 Kbits/sec
[  5] 182.0-183.0 sec  0.00 Bytes  0.00 bits/sec
[SUM] 182.0-183.0 sec  86.8 KBytes   711 Kbits/sec
[  7] 183.0-184.0 sec  59.6 KBytes   488 Kbits/sec
[  4] 183.0-184.0 sec  63.8 KBytes   523 Kbits/sec
[  6] 183.0-184.0 sec  31.9 KBytes   261 Kbits/sec
[  5] 183.0-184.0 sec  0.00 Bytes  0.00 bits/sec
[SUM] 183.0-184.0 sec   155 KBytes  1.27 Mbits/sec
[  7] 184.0-185.0 sec  2.71 KBytes  22.2 Kbits/sec
[  6] 184.0-185.0 sec  31.9 KBytes   262 Kbits/sec
[  4] 184.0-185.0 sec  0.00 Bytes  0.00 bits/sec
[  5] 184.0-185.0 sec  0.00 Bytes  0.00 bits/sec
[SUM] 184.0-185.0 sec  34.6 KBytes   284 Kbits/sec
[  4] 185.0-186.0 sec  10.4 KBytes  85.4 Kbits/sec
[  6] 185.0-186.0 sec  0.00 Bytes  0.00 bits/sec
[  5] 185.0-186.0 sec  4.06 KBytes  33.3 Kbits/sec
[  7] 185.0-186.0 sec  7.38 KBytes  60.5 Kbits/sec
[SUM] 185.0-186.0 sec  21.9 KBytes   179 Kbits/sec
[  4] 186.0-187.0 sec  0.00 Bytes  0.00 bits/sec
[  6] 186.0-187.0 sec  0.00 Bytes  0.00 bits/sec
[  7] 186.0-187.0 sec  53.7 KBytes   440 Kbits/sec
[  5] 186.0-187.0 sec  76.6 KBytes   627 Kbits/sec
[SUM] 186.0-187.0 sec   130 KBytes  1.07 Mbits/sec
[  4] 187.0-188.0 sec  0.00 Bytes  0.00 bits/sec
[  6] 187.0-188.0 sec  0.00 Bytes  0.00 bits/sec
[  5] 187.0-188.0 sec  5.67 KBytes  46.5 Kbits/sec
[  7] 187.0-188.0 sec  2.71 KBytes  22.2 Kbits/sec
[SUM] 187.0-188.0 sec  8.38 KBytes  68.7 Kbits/sec
[  4] 188.0-189.0 sec  0.00 Bytes  0.00 bits/sec
[  6] 188.0-189.0 sec  0.00 Bytes  0.00 bits/sec
[  5] 188.0-189.0 sec  58.1 KBytes   476 Kbits/sec
[  7] 188.0-189.0 sec  8.89 KBytes  72.8 Kbits/sec
[SUM] 188.0-189.0 sec  67.0 KBytes   549 Kbits/sec
[  4] 189.0-190.0 sec  0.00 Bytes  0.00 bits/sec
[  7] 189.0-190.0 sec  30.9 KBytes   253 Kbits/sec
[  6] 189.0-190.0 sec  61.7 KBytes   505 Kbits/sec
[  5] 189.0-190.0 sec  63.8 KBytes   523 Kbits/sec
[SUM] 189.0-190.0 sec   156 KBytes  1.28 Mbits/sec
[  6] 190.0-191.0 sec  78.0 Bytes   624 bits/sec
[  7] 190.0-191.0 sec  24.0 KBytes   196 Kbits/sec
[  4] 190.0-191.0 sec  83.2 KBytes   681 Kbits/sec
[  5] 190.0-191.0 sec  0.00 Bytes  0.00 bits/sec
[SUM] 190.0-191.0 sec   107 KBytes   878 Kbits/sec
[  6] 191.0-192.0 sec  17.0 KBytes   139 Kbits/sec
[  5] 191.0-192.0 sec  5.67 KBytes  46.5 Kbits/sec
[  4] 191.0-192.0 sec  78.0 Bytes   624 bits/sec
[  7] 191.0-192.0 sec  1.61 KBytes  13.2 Kbits/sec
[SUM] 191.0-192.0 sec  24.4 KBytes   200 Kbits/sec
[  5] 192.0-193.0 sec  4.44 KBytes  36.4 Kbits/sec
[  4] 192.0-193.0 sec  63.9 KBytes   524 Kbits/sec
[  7] 192.0-193.0 sec  7.28 KBytes  59.6 Kbits/sec
[  6] 192.0-193.0 sec  63.8 KBytes   523 Kbits/sec
[SUM] 192.0-193.0 sec   139 KBytes  1.14 Mbits/sec
[  5] 193.0-194.0 sec  5.67 KBytes  46.5 Kbits/sec
[  4] 193.0-194.0 sec  0.00 Bytes  0.00 bits/sec
[  6] 193.0-194.0 sec  0.00 Bytes  0.00 bits/sec
[  7] 193.0-194.0 sec  54.9 KBytes   450 Kbits/sec
[SUM] 193.0-194.0 sec  60.6 KBytes   496 Kbits/sec
[  6] 194.0-195.0 sec  46.9 KBytes   384 Kbits/sec
[  5] 194.0-195.0 sec  53.7 KBytes   440 Kbits/sec
[  4] 194.0-195.0 sec  16.9 KBytes   139 Kbits/sec
[  7] 194.0-195.0 sec  8.89 KBytes  72.8 Kbits/sec
[SUM] 194.0-195.0 sec   126 KBytes  1.04 Mbits/sec
[  5] 195.0-196.0 sec  1.61 KBytes  13.2 Kbits/sec
[  4] 195.0-196.0 sec  31.3 KBytes   256 Kbits/sec
[  7] 195.0-196.0 sec  1.61 KBytes  13.2 Kbits/sec
[  6] 195.0-196.0 sec  16.9 KBytes   138 Kbits/sec
[SUM] 195.0-196.0 sec  51.4 KBytes   421 Kbits/sec
[  5] 196.0-197.0 sec  14.0 KBytes   115 Kbits/sec
[  4] 196.0-197.0 sec  1.42 KBytes  11.6 Kbits/sec
[  7] 196.0-197.0 sec  0.00 Bytes  0.00 bits/sec
[  6] 196.0-197.0 sec  46.9 KBytes   384 Kbits/sec
[SUM] 196.0-197.0 sec  62.3 KBytes   510 Kbits/sec
[  5] 197.0-198.0 sec  15.8 KBytes   129 Kbits/sec
[  4] 197.0-198.0 sec  14.2 KBytes   116 Kbits/sec
[  6] 197.0-198.0 sec  16.9 KBytes   138 Kbits/sec
[  7] 197.0-198.0 sec  62.2 KBytes   510 Kbits/sec
[SUM] 197.0-198.0 sec   109 KBytes   893 Kbits/sec
[  4] 198.0-199.0 sec  48.2 KBytes   395 Kbits/sec
[  6] 198.0-199.0 sec  46.9 KBytes   384 Kbits/sec
[  7] 198.0-199.0 sec  0.00 Bytes  0.00 bits/sec
[  5] 198.0-199.0 sec  48.0 KBytes   393 Kbits/sec
[SUM] 198.0-199.0 sec   143 KBytes  1.17 Mbits/sec
[  7] 199.0-200.0 sec  1.61 KBytes  13.2 Kbits/sec
[  6] 199.0-200.0 sec  16.9 KBytes   138 Kbits/sec
[  5] 199.0-200.0 sec  15.8 KBytes   129 Kbits/sec
[  4] 199.0-200.0 sec  1.42 KBytes  11.6 Kbits/sec
[SUM] 199.0-200.0 sec  35.7 KBytes   293 Kbits/sec
[  4] 200.0-201.0 sec  5.86 KBytes  48.0 Kbits/sec
[  6] 200.0-201.0 sec  0.00 Bytes  0.00 bits/sec
[  7] 200.0-201.0 sec  53.3 KBytes   437 Kbits/sec
[  5] 200.0-201.0 sec  48.0 KBytes   393 Kbits/sec
[SUM] 200.0-201.0 sec   107 KBytes   878 Kbits/sec
[  6] 201.0-202.0 sec  46.9 KBytes   384 Kbits/sec
[  7] 201.0-202.0 sec  10.5 KBytes  86.0 Kbits/sec
[  4] 201.0-202.0 sec  0.00 Bytes  0.00 bits/sec
[  5] 201.0-202.0 sec  21.7 KBytes   177 Kbits/sec
[SUM] 201.0-202.0 sec  79.1 KBytes   648 Kbits/sec
[  7] 202.0-203.0 sec  66.6 KBytes   546 Kbits/sec
[  6] 202.0-203.0 sec  0.00 Bytes  0.00 bits/sec
[  4] 202.0-203.0 sec  0.00 Bytes  0.00 bits/sec
[  5] 202.0-203.0 sec  46.6 KBytes   382 Kbits/sec
[SUM] 202.0-203.0 sec   113 KBytes   928 Kbits/sec
[  7] 203.0-204.0 sec  5.67 KBytes  46.5 Kbits/sec
[  6] 203.0-204.0 sec  0.00 Bytes  0.00 bits/sec
[  4] 203.0-204.0 sec  0.00 Bytes  0.00 bits/sec
[  5] 203.0-204.0 sec  20.0 KBytes   164 Kbits/sec
[SUM] 203.0-204.0 sec  25.7 KBytes   211 Kbits/sec
[  6] 204.0-205.0 sec  0.00 Bytes  0.00 bits/sec
[  7] 204.0-205.0 sec  33.8 KBytes   277 Kbits/sec
[  4] 204.0-205.0 sec  0.00 Bytes  0.00 bits/sec
[  5] 204.0-205.0 sec  43.8 KBytes   359 Kbits/sec
[SUM] 204.0-205.0 sec  77.6 KBytes   636 Kbits/sec
[  5] 205.0-206.0 sec  20.0 KBytes   164 Kbits/sec
[  6] 205.0-206.0 sec  0.00 Bytes  0.00 bits/sec
[  7] 205.0-206.0 sec  30.0 KBytes   245 Kbits/sec
[  4] 205.0-206.0 sec  0.00 Bytes  0.00 bits/sec
[SUM] 205.0-206.0 sec  50.0 KBytes   410 Kbits/sec
[  5] 206.0-207.0 sec  0.00 Bytes  0.00 bits/sec
[  6] 206.0-207.0 sec  46.7 KBytes   382 Kbits/sec
[  4] 206.0-207.0 sec  0.00 Bytes  0.00 bits/sec
[  7] 206.0-207.0 sec  33.8 KBytes   277 Kbits/sec
[SUM] 206.0-207.0 sec  80.5 KBytes   660 Kbits/sec
[  6] 207.0-208.0 sec  32.6 KBytes   267 Kbits/sec
[  5] 207.0-208.0 sec  43.8 KBytes   359 Kbits/sec
[  4] 207.0-208.0 sec  87.7 KBytes   719 Kbits/sec
[  7] 207.0-208.0 sec  30.0 KBytes   245 Kbits/sec
[SUM] 207.0-208.0 sec   194 KBytes  1.59 Mbits/sec
[  7] 208.0-209.0 sec  33.8 KBytes   277 Kbits/sec
[  6] 208.0-209.0 sec  32.6 KBytes   267 Kbits/sec
[  5] 208.0-209.0 sec  20.0 KBytes   164 Kbits/sec
[  4] 208.0-209.0 sec  17.1 KBytes   140 Kbits/sec
[SUM] 208.0-209.0 sec   104 KBytes   849 Kbits/sec
[  7] 209.0-210.0 sec  0.00 Bytes  0.00 bits/sec
[  4] 209.0-210.0 sec  50.6 KBytes   415 Kbits/sec
[  5] 209.0-210.0 sec  43.8 KBytes   359 Kbits/sec
[  6] 209.0-210.0 sec  64.0 KBytes   524 Kbits/sec
[SUM] 209.0-210.0 sec   158 KBytes  1.30 Mbits/sec
[  7] 210.0-211.0 sec  30.0 KBytes   245 Kbits/sec
[  6] 210.0-211.0 sec  42.7 KBytes   350 Kbits/sec
[  5] 210.0-211.0 sec  20.0 KBytes   164 Kbits/sec
[  4] 210.0-211.0 sec  63.8 KBytes   523 Kbits/sec
[SUM] 210.0-211.0 sec   157 KBytes  1.28 Mbits/sec
[  7] 211.0-212.0 sec  26.8 KBytes   219 Kbits/sec
[  5] 211.0-212.0 sec  43.8 KBytes   359 Kbits/sec
[  4] 211.0-212.0 sec  2.03 KBytes  16.7 Kbits/sec
[  6] 211.0-212.0 sec  0.00 Bytes  0.00 bits/sec
[SUM] 211.0-212.0 sec  72.6 KBytes   594 Kbits/sec
[  4] 212.0-213.0 sec  0.00 Bytes  0.00 bits/sec
[  7] 212.0-213.0 sec  7.09 KBytes  58.1 Kbits/sec
[  5] 212.0-213.0 sec  20.0 KBytes   164 Kbits/sec
[  6] 212.0-213.0 sec  12.6 KBytes   103 Kbits/sec
[SUM] 212.0-213.0 sec  39.7 KBytes   325 Kbits/sec
[  7] 213.0-214.0 sec  30.0 KBytes   245 Kbits/sec
[  6] 213.0-214.0 sec  8.51 KBytes  69.7 Kbits/sec
[  5] 213.0-214.0 sec  43.8 KBytes   359 Kbits/sec
[  4] 213.0-214.0 sec  1.61 KBytes  13.2 Kbits/sec
[SUM] 213.0-214.0 sec  83.9 KBytes   687 Kbits/sec
[  7] 214.0-215.0 sec  0.00 Bytes  0.00 bits/sec
[  5] 214.0-215.0 sec  0.00 Bytes  0.00 bits/sec
[  4] 214.0-215.0 sec  6.40 KBytes  52.4 Kbits/sec
[  6] 214.0-215.0 sec  42.7 KBytes   350 Kbits/sec
[SUM] 214.0-215.0 sec  49.1 KBytes   402 Kbits/sec
[  6] 215.0-216.0 sec  12.6 KBytes   103 Kbits/sec
[  7] 215.0-216.0 sec  26.8 KBytes   219 Kbits/sec
[  4] 215.0-216.0 sec  1.76 KBytes  14.5 Kbits/sec
[  5] 215.0-216.0 sec  63.8 KBytes   523 Kbits/sec
[SUM] 215.0-216.0 sec   105 KBytes   859 Kbits/sec
[  6] 216.0-217.0 sec  0.00 Bytes  0.00 bits/sec
[  7] 216.0-217.0 sec  5.67 KBytes  46.5 Kbits/sec
[  5] 216.0-217.0 sec  20.0 KBytes   164 Kbits/sec
[  4] 216.0-217.0 sec  45.1 KBytes   370 Kbits/sec
[SUM] 216.0-217.0 sec  70.9 KBytes   580 Kbits/sec
[  4] 217.0-218.0 sec  0.00 Bytes  0.00 bits/sec
[  6] 217.0-218.0 sec  64.2 KBytes   526 Kbits/sec
[  5] 217.0-218.0 sec  2.65 KBytes  21.7 Kbits/sec
[  7] 217.0-218.0 sec  73.9 KBytes   606 Kbits/sec
[SUM] 217.0-218.0 sec   141 KBytes  1.15 Mbits/sec
[  4] 218.0-219.0 sec  0.00 Bytes  0.00 bits/sec
[  6] 218.0-219.0 sec  51.0 KBytes   418 Kbits/sec
[  5] 218.0-219.0 sec  44.1 KBytes   362 Kbits/sec
[  7] 218.0-219.0 sec  39.5 KBytes   324 Kbits/sec
[SUM] 218.0-219.0 sec   135 KBytes  1.10 Mbits/sec
[  4] 219.0-220.0 sec  0.00 Bytes  0.00 bits/sec
[  7] 219.0-220.0 sec  24.3 KBytes   199 Kbits/sec
[  6] 219.0-220.0 sec  7.09 KBytes  58.1 Kbits/sec
[  5] 219.0-220.0 sec  19.7 KBytes   161 Kbits/sec
[SUM] 219.0-220.0 sec  51.0 KBytes   418 Kbits/sec
[  4] 220.0-221.0 sec  0.00 Bytes  0.00 bits/sec
[  7] 220.0-221.0 sec  0.00 Bytes  0.00 bits/sec
[  5] 220.0-221.0 sec  17.2 KBytes   141 Kbits/sec
[  6] 220.0-221.0 sec  15.6 KBytes   128 Kbits/sec
[SUM] 220.0-221.0 sec  32.8 KBytes   269 Kbits/sec
[  7] 221.0-222.0 sec  39.5 KBytes   324 Kbits/sec
[  4] 221.0-222.0 sec  0.00 Bytes  0.00 bits/sec
[  5] 221.0-222.0 sec  1.42 KBytes  11.6 Kbits/sec
[  6] 221.0-222.0 sec  24.1 KBytes   197 Kbits/sec
[SUM] 221.0-222.0 sec  65.0 KBytes   533 Kbits/sec
[  5] 222.0-223.0 sec  0.00 Bytes  0.00 bits/sec
[  6] 222.0-223.0 sec  0.00 Bytes  0.00 bits/sec
[  7] 222.0-223.0 sec  24.3 KBytes   199 Kbits/sec
[  4] 222.0-223.0 sec  24.6 KBytes   202 Kbits/sec
[SUM] 222.0-223.0 sec  48.9 KBytes   401 Kbits/sec
[  4] 223.0-224.0 sec  1.42 KBytes  11.6 Kbits/sec
[  5] 223.0-224.0 sec  7.09 KBytes  58.1 Kbits/sec
[  6] 223.0-224.0 sec  5.67 KBytes  46.5 Kbits/sec
[  7] 223.0-224.0 sec  39.5 KBytes   324 Kbits/sec
[SUM] 223.0-224.0 sec  53.7 KBytes   440 Kbits/sec
[  4] 224.0-225.0 sec  61.6 KBytes   505 Kbits/sec
[  5] 224.0-225.0 sec  33.8 KBytes   277 Kbits/sec
[  7] 224.0-225.0 sec  24.3 KBytes   199 Kbits/sec
[  6] 224.0-225.0 sec  8.51 KBytes  69.7 Kbits/sec
[SUM] 224.0-225.0 sec   128 KBytes  1.05 Mbits/sec
[  4] 225.0-226.0 sec  1.42 KBytes  11.6 Kbits/sec
[  7] 225.0-226.0 sec  39.5 KBytes   324 Kbits/sec
[  5] 225.0-226.0 sec  21.5 KBytes   176 Kbits/sec
[  6] 225.0-226.0 sec  2.84 KBytes  23.2 Kbits/sec
[SUM] 225.0-226.0 sec  65.2 KBytes   534 Kbits/sec
[  4] 226.0-227.0 sec  10.7 KBytes  87.9 Kbits/sec
[  7] 226.0-227.0 sec  24.3 KBytes   199 Kbits/sec
[  5] 226.0-227.0 sec  1.42 KBytes  11.6 Kbits/sec
[  6] 226.0-227.0 sec  7.09 KBytes  58.1 Kbits/sec
[SUM] 226.0-227.0 sec  43.5 KBytes   357 Kbits/sec
[  5] 227.0-228.0 sec  1.42 KBytes  11.6 Kbits/sec
[  6] 227.0-228.0 sec  39.7 KBytes   325 Kbits/sec
[  4] 227.0-228.0 sec  51.9 KBytes   425 Kbits/sec
[  7] 227.0-228.0 sec  39.5 KBytes   324 Kbits/sec
[SUM] 227.0-228.0 sec   132 KBytes  1.09 Mbits/sec
[  4] 228.0-229.0 sec  63.8 KBytes   523 Kbits/sec
[  5] 228.0-229.0 sec  61.0 KBytes   499 Kbits/sec
[  6] 228.0-229.0 sec  14.2 KBytes   116 Kbits/sec
[  7] 228.0-229.0 sec  24.3 KBytes   199 Kbits/sec
[SUM] 228.0-229.0 sec   163 KBytes  1.34 Mbits/sec
[  5] 229.0-230.0 sec  4.44 KBytes  36.4 Kbits/sec
[  6] 229.0-230.0 sec  2.84 KBytes  23.2 Kbits/sec
[  7] 229.0-230.0 sec  0.00 Bytes  0.00 bits/sec
[  4] 229.0-230.0 sec  2.69 KBytes  22.1 Kbits/sec
[SUM] 229.0-230.0 sec  9.97 KBytes  81.7 Kbits/sec
[  6] 230.0-231.0 sec  1.61 KBytes  13.2 Kbits/sec
[  7] 230.0-231.0 sec  0.00 Bytes  0.00 bits/sec
[  4] 230.0-231.0 sec  1.91 KBytes  15.6 Kbits/sec
[  5] 230.0-231.0 sec  8.51 KBytes  69.7 Kbits/sec
[SUM] 230.0-231.0 sec  12.0 KBytes  98.5 Kbits/sec
[  5] 231.0-232.0 sec  2.84 KBytes  23.2 Kbits/sec
[  6] 231.0-232.0 sec  0.00 Bytes  0.00 bits/sec
[  7] 231.0-232.0 sec  0.00 Bytes  0.00 bits/sec
[  4] 231.0-232.0 sec  24.5 KBytes   201 Kbits/sec
[SUM] 231.0-232.0 sec  27.4 KBytes   224 Kbits/sec
[  5] 232.0-233.0 sec  0.00 Bytes  0.00 bits/sec
[  6] 232.0-233.0 sec  59.4 KBytes   486 Kbits/sec
[  7] 232.0-233.0 sec  0.00 Bytes  0.00 bits/sec
[  4] 232.0-233.0 sec  0.00 Bytes  0.00 bits/sec
[SUM] 232.0-233.0 sec  59.4 KBytes   486 Kbits/sec
[  5] 233.0-234.0 sec  0.00 Bytes  0.00 bits/sec
[  6] 233.0-234.0 sec  0.00 Bytes  0.00 bits/sec
[  7] 233.0-234.0 sec  39.5 KBytes   324 Kbits/sec
[  4] 233.0-234.0 sec  0.00 Bytes  0.00 bits/sec
[SUM] 233.0-234.0 sec  39.5 KBytes   324 Kbits/sec
[  5] 234.0-235.0 sec  0.00 Bytes  0.00 bits/sec
[  6] 234.0-235.0 sec  0.00 Bytes  0.00 bits/sec
[  4] 234.0-235.0 sec  0.00 Bytes  0.00 bits/sec
[  7] 234.0-235.0 sec  45.4 KBytes   372 Kbits/sec
[SUM] 234.0-235.0 sec  45.4 KBytes   372 Kbits/sec
[  5] 235.0-236.0 sec  0.00 Bytes  0.00 bits/sec
[  6] 235.0-236.0 sec  0.00 Bytes  0.00 bits/sec
[  4] 235.0-236.0 sec  0.00 Bytes  0.00 bits/sec
[  7] 235.0-236.0 sec  63.7 KBytes   522 Kbits/sec
[SUM] 235.0-236.0 sec  63.7 KBytes   522 Kbits/sec
[  5] 236.0-237.0 sec  0.00 Bytes  0.00 bits/sec
[  7] 236.0-237.0 sec  1.73 KBytes  14.2 Kbits/sec
[  6] 236.0-237.0 sec  0.00 Bytes  0.00 bits/sec
[  4] 236.0-237.0 sec  19.9 KBytes   163 Kbits/sec
[SUM] 236.0-237.0 sec  21.6 KBytes   177 Kbits/sec
[  5] 237.0-238.0 sec  0.00 Bytes  0.00 bits/sec
[  4] 237.0-238.0 sec  12.8 KBytes   105 Kbits/sec
[  7] 237.0-238.0 sec  0.00 Bytes  0.00 bits/sec
[  6] 237.0-238.0 sec  0.00 Bytes  0.00 bits/sec
[SUM] 237.0-238.0 sec  12.8 KBytes   105 Kbits/sec
[  4] 238.0-239.0 sec  49.6 KBytes   407 Kbits/sec
[  5] 238.0-239.0 sec  0.00 Bytes  0.00 bits/sec
[  7] 238.0-239.0 sec  63.8 KBytes   523 Kbits/sec
[  6] 238.0-239.0 sec  0.00 Bytes  0.00 bits/sec
[SUM] 238.0-239.0 sec   113 KBytes   929 Kbits/sec
[  4] 239.0-240.0 sec  20.8 KBytes   171 Kbits/sec
[  5] 239.0-240.0 sec  0.00 Bytes  0.00 bits/sec
[  7] 239.0-240.0 sec  0.00 Bytes  0.00 bits/sec
[  6] 239.0-240.0 sec  0.00 Bytes  0.00 bits/sec
[SUM] 239.0-240.0 sec  20.8 KBytes   171 Kbits/sec
[  4] 240.0-241.0 sec  0.00 Bytes  0.00 bits/sec
[  5] 240.0-241.0 sec  0.00 Bytes  0.00 bits/sec
[  6] 240.0-241.0 sec  2.84 KBytes  23.2 Kbits/sec
[  7] 240.0-241.0 sec  62.1 KBytes   509 Kbits/sec
[SUM] 240.0-241.0 sec  64.9 KBytes   532 Kbits/sec
[  5] 241.0-242.0 sec  0.00 Bytes  0.00 bits/sec
[  4] 241.0-242.0 sec  41.6 KBytes   340 Kbits/sec
[  7] 241.0-242.0 sec  0.00 Bytes  0.00 bits/sec
[  6] 241.0-242.0 sec  48.2 KBytes   395 Kbits/sec
[SUM] 241.0-242.0 sec  89.8 KBytes   735 Kbits/sec
[  6] 242.0-243.0 sec  32.2 KBytes   263 Kbits/sec
[  5] 242.0-243.0 sec  0.00 Bytes  0.00 bits/sec
[  4] 242.0-243.0 sec  0.00 Bytes  0.00 bits/sec
[  7] 242.0-243.0 sec  0.00 Bytes  0.00 bits/sec
[SUM] 242.0-243.0 sec  32.2 KBytes   263 Kbits/sec
[  5] 243.0-244.0 sec  0.00 Bytes  0.00 bits/sec
[  6] 243.0-244.0 sec  63.8 KBytes   523 Kbits/sec
[  4] 243.0-244.0 sec  0.00 Bytes  0.00 bits/sec
[  7] 243.0-244.0 sec  0.00 Bytes  0.00 bits/sec
[SUM] 243.0-244.0 sec  63.8 KBytes   523 Kbits/sec
[  6] 244.0-245.0 sec  63.8 KBytes   523 Kbits/sec
[  5] 244.0-245.0 sec  0.00 Bytes  0.00 bits/sec
[  7] 244.0-245.0 sec  0.00 Bytes  0.00 bits/sec
[  4] 244.0-245.0 sec  53.4 KBytes   438 Kbits/sec
[SUM] 244.0-245.0 sec   117 KBytes   961 Kbits/sec
[  7] 245.0-246.0 sec  3.15 KBytes  25.8 Kbits/sec
[  5] 245.0-246.0 sec  0.00 Bytes  0.00 bits/sec
[  6] 245.0-246.0 sec  1.88 KBytes  15.4 Kbits/sec
[  4] 245.0-246.0 sec  32.6 KBytes   267 Kbits/sec
[SUM] 245.0-246.0 sec  37.6 KBytes   308 Kbits/sec
[  6] 246.0-247.0 sec  67.8 KBytes   555 Kbits/sec
[  5] 246.0-247.0 sec  0.00 Bytes  0.00 bits/sec
[  7] 246.0-247.0 sec  42.5 KBytes   348 Kbits/sec
[  4] 246.0-247.0 sec  5.11 KBytes  41.9 Kbits/sec
[SUM] 246.0-247.0 sec   115 KBytes   946 Kbits/sec
[  7] 247.0-248.0 sec  58.1 KBytes   476 Kbits/sec
[  6] 247.0-248.0 sec  4.25 KBytes  34.8 Kbits/sec
[  5] 247.0-248.0 sec  0.00 Bytes  0.00 bits/sec
[  4] 247.0-248.0 sec  56.3 KBytes   461 Kbits/sec
[SUM] 247.0-248.0 sec   119 KBytes   972 Kbits/sec
[  6] 248.0-249.0 sec  0.00 Bytes  0.00 bits/sec
[  5] 248.0-249.0 sec  0.00 Bytes  0.00 bits/sec
[  7] 248.0-249.0 sec   126 KBytes  1.04 Mbits/sec
[  4] 248.0-249.0 sec  0.00 Bytes  0.00 bits/sec
[SUM] 248.0-249.0 sec   126 KBytes  1.04 Mbits/sec
[  7] 249.0-250.0 sec  77.7 KBytes   637 Kbits/sec
[  6] 249.0-250.0 sec  0.00 Bytes  0.00 bits/sec
[  4] 249.0-250.0 sec  0.00 Bytes  0.00 bits/sec
[  5] 249.0-250.0 sec   137 KBytes  1.12 Mbits/sec
[SUM] 249.0-250.0 sec   214 KBytes  1.76 Mbits/sec
[  7] 250.0-251.0 sec  99.4 KBytes   814 Kbits/sec
[  6] 250.0-251.0 sec  0.00 Bytes  0.00 bits/sec
[  4] 250.0-251.0 sec  0.00 Bytes  0.00 bits/sec
[  5] 250.0-251.0 sec  51.1 KBytes   419 Kbits/sec
[SUM] 250.0-251.0 sec   151 KBytes  1.23 Mbits/sec
[  5] 251.0-252.0 sec  11.9 KBytes  97.3 Kbits/sec
[  6] 251.0-252.0 sec  0.00 Bytes  0.00 bits/sec
[  7] 251.0-252.0 sec  79.4 KBytes   650 Kbits/sec
[  4] 251.0-252.0 sec  0.00 Bytes  0.00 bits/sec
[SUM] 251.0-252.0 sec  91.3 KBytes   748 Kbits/sec
[  6] 252.0-253.0 sec  0.00 Bytes  0.00 bits/sec
[  7] 252.0-253.0 sec  0.00 Bytes  0.00 bits/sec
[  4] 252.0-253.0 sec  0.00 Bytes  0.00 bits/sec
[  5] 252.0-253.0 sec  51.9 KBytes   425 Kbits/sec
[SUM] 252.0-253.0 sec  51.9 KBytes   425 Kbits/sec
[  5] 253.0-254.0 sec  11.9 KBytes  97.3 Kbits/sec
[  6] 253.0-254.0 sec  0.00 Bytes  0.00 bits/sec
[  4] 253.0-254.0 sec  0.00 Bytes  0.00 bits/sec
[  7] 253.0-254.0 sec  46.2 KBytes   379 Kbits/sec
[SUM] 253.0-254.0 sec  58.1 KBytes   476 Kbits/sec
[  7] 254.0-255.0 sec  1.42 KBytes  11.6 Kbits/sec
[  5] 254.0-255.0 sec  0.00 Bytes  0.00 bits/sec
[  6] 254.0-255.0 sec  4.25 KBytes  34.8 Kbits/sec
[  4] 254.0-255.0 sec  0.00 Bytes  0.00 bits/sec
[SUM] 254.0-255.0 sec  5.67 KBytes  46.5 Kbits/sec
[  6] 255.0-256.0 sec  63.8 KBytes   523 Kbits/sec
[  4] 255.0-256.0 sec  0.00 Bytes  0.00 bits/sec
[  5] 255.0-256.0 sec  63.8 KBytes   523 Kbits/sec
[  7] 255.0-256.0 sec  62.4 KBytes   511 Kbits/sec
[SUM] 255.0-256.0 sec   190 KBytes  1.56 Mbits/sec
[  5] 256.0-257.0 sec  9.39 KBytes  76.9 Kbits/sec
[  7] 256.0-257.0 sec  10.1 KBytes  82.9 Kbits/sec
[  4] 256.0-257.0 sec  0.00 Bytes  0.00 bits/sec
[  6] 256.0-257.0 sec  7.08 KBytes  58.0 Kbits/sec
[SUM] 256.0-257.0 sec  26.6 KBytes   218 Kbits/sec
[  5] 257.0-258.0 sec  0.00 Bytes  0.00 bits/sec
[  7] 257.0-258.0 sec  63.8 KBytes   523 Kbits/sec
[  6] 257.0-258.0 sec  62.2 KBytes   510 Kbits/sec
[  4] 257.0-258.0 sec  0.00 Bytes  0.00 bits/sec
[SUM] 257.0-258.0 sec   126 KBytes  1.03 Mbits/sec
[  5] 258.0-259.0 sec  0.00 Bytes  0.00 bits/sec
[  6] 258.0-259.0 sec  66.0 KBytes   541 Kbits/sec
[  7] 258.0-259.0 sec  53.7 KBytes   440 Kbits/sec
[  4] 258.0-259.0 sec  6.85 KBytes  56.1 Kbits/sec
[SUM] 258.0-259.0 sec   127 KBytes  1.04 Mbits/sec
[  4] 259.0-260.0 sec  2.84 KBytes  23.2 Kbits/sec
[  5] 259.0-260.0 sec  0.00 Bytes  0.00 bits/sec
[  6] 259.0-260.0 sec  63.8 KBytes   523 Kbits/sec
[  7] 259.0-260.0 sec  63.8 KBytes   523 Kbits/sec
[SUM] 259.0-260.0 sec   130 KBytes  1.07 Mbits/sec
[  5] 260.0-261.0 sec  0.00 Bytes  0.00 bits/sec
[  7] 260.0-261.0 sec  10.1 KBytes  82.9 Kbits/sec
[  4] 260.0-261.0 sec  9.93 KBytes  81.3 Kbits/sec
[  6] 260.0-261.0 sec  5.14 KBytes  42.1 Kbits/sec
[SUM] 260.0-261.0 sec  25.2 KBytes   206 Kbits/sec
[  5] 261.0-262.0 sec  0.00 Bytes  0.00 bits/sec
[  6] 261.0-262.0 sec  58.7 KBytes   481 Kbits/sec
[  7] 261.0-262.0 sec  63.8 KBytes   523 Kbits/sec
[  4] 261.0-262.0 sec  8.51 KBytes  69.7 Kbits/sec
[SUM] 261.0-262.0 sec   131 KBytes  1.07 Mbits/sec
[  7] 262.0-263.0 sec  53.7 KBytes   440 Kbits/sec
[  5] 262.0-263.0 sec  45.4 KBytes   372 Kbits/sec
[  4] 262.0-263.0 sec  7.09 KBytes  58.1 Kbits/sec
[  6] 262.0-263.0 sec  5.14 KBytes  42.1 Kbits/sec
[SUM] 262.0-263.0 sec   111 KBytes   912 Kbits/sec
[  6] 263.0-264.0 sec  0.00 Bytes  0.00 bits/sec
[  7] 263.0-264.0 sec  10.1 KBytes  82.9 Kbits/sec
[  5] 263.0-264.0 sec  0.00 Bytes  0.00 bits/sec
[  4] 263.0-264.0 sec  0.00 Bytes  0.00 bits/sec
[SUM] 263.0-264.0 sec  10.1 KBytes  82.9 Kbits/sec
[  6] 264.0-265.0 sec  0.00 Bytes  0.00 bits/sec
[  5] 264.0-265.0 sec  0.00 Bytes  0.00 bits/sec
[  4] 264.0-265.0 sec  0.00 Bytes  0.00 bits/sec
[  7] 264.0-265.0 sec  63.8 KBytes   523 Kbits/sec
[SUM] 264.0-265.0 sec  63.8 KBytes   523 Kbits/sec
[  6] 265.0-266.0 sec  0.00 Bytes  0.00 bits/sec
[  7] 265.0-266.0 sec  2.65 KBytes  21.7 Kbits/sec
[  4] 265.0-266.0 sec  41.1 KBytes   337 Kbits/sec
[  5] 265.0-266.0 sec  0.00 Bytes  0.00 bits/sec
[SUM] 265.0-266.0 sec  43.8 KBytes   359 Kbits/sec
[  6] 266.0-267.0 sec  0.00 Bytes  0.00 bits/sec
[  5] 266.0-267.0 sec  0.00 Bytes  0.00 bits/sec
[  7] 266.0-267.0 sec  63.8 KBytes   523 Kbits/sec
[  4] 266.0-267.0 sec  10.7 KBytes  88.0 Kbits/sec
[SUM] 266.0-267.0 sec  74.5 KBytes   611 Kbits/sec
[  6] 267.0-268.0 sec  89.5 KBytes   733 Kbits/sec
[  4] 267.0-268.0 sec  3.66 KBytes  30.0 Kbits/sec
[  5] 267.0-268.0 sec  0.00 Bytes  0.00 bits/sec
[  7] 267.0-268.0 sec  63.8 KBytes   523 Kbits/sec
[SUM] 267.0-268.0 sec   157 KBytes  1.29 Mbits/sec
[  5] 268.0-269.0 sec  0.00 Bytes  0.00 bits/sec
[  6] 268.0-269.0 sec  33.4 KBytes   274 Kbits/sec
[  7] 268.0-269.0 sec  0.00 Bytes  0.00 bits/sec
[  4] 268.0-269.0 sec  54.6 KBytes   448 Kbits/sec
[SUM] 268.0-269.0 sec  88.1 KBytes   721 Kbits/sec
[  6] 269.0-270.0 sec  2.83 KBytes  23.2 Kbits/sec
[  7] 269.0-270.0 sec  61.2 KBytes   501 Kbits/sec
[  5] 269.0-270.0 sec  0.00 Bytes  0.00 bits/sec
[  4] 269.0-270.0 sec  9.16 KBytes  75.1 Kbits/sec
[SUM] 269.0-270.0 sec  73.2 KBytes   599 Kbits/sec
[  4] 270.0-271.0 sec  22.0 KBytes   180 Kbits/sec
[  6] 270.0-271.0 sec  7.42 KBytes  60.8 Kbits/sec
[  7] 270.0-271.0 sec  2.65 KBytes  21.7 Kbits/sec
[  5] 270.0-271.0 sec  0.00 Bytes  0.00 bits/sec
[SUM] 270.0-271.0 sec  32.1 KBytes   263 Kbits/sec
[  4] 271.0-272.0 sec  0.00 Bytes  0.00 bits/sec
[  7] 271.0-272.0 sec  55.5 KBytes   455 Kbits/sec
[  5] 271.0-272.0 sec  0.00 Bytes  0.00 bits/sec
[  6] 271.0-272.0 sec  53.6 KBytes   439 Kbits/sec
[SUM] 271.0-272.0 sec   109 KBytes   893 Kbits/sec
[  4] 272.0-273.0 sec  4.25 KBytes  34.8 Kbits/sec
[  7] 272.0-273.0 sec  8.32 KBytes  68.1 Kbits/sec
[  5] 272.0-273.0 sec  0.00 Bytes  0.00 bits/sec
[  6] 272.0-273.0 sec  0.00 Bytes  0.00 bits/sec
[SUM] 272.0-273.0 sec  12.6 KBytes   103 Kbits/sec
[  7] 273.0-274.0 sec  55.5 KBytes   455 Kbits/sec
[  6] 273.0-274.0 sec  2.83 KBytes  23.2 Kbits/sec
[  4] 273.0-274.0 sec  19.9 KBytes   163 Kbits/sec
[  5] 273.0-274.0 sec  0.00 Bytes  0.00 bits/sec
[SUM] 273.0-274.0 sec  78.2 KBytes   640 Kbits/sec
[  5] 274.0-275.0 sec  48.2 KBytes   395 Kbits/sec
[  4] 274.0-275.0 sec  1.42 KBytes  11.6 Kbits/sec
[  7] 274.0-275.0 sec  0.00 Bytes  0.00 bits/sec
[  6] 274.0-275.0 sec  7.42 KBytes  60.8 Kbits/sec
[SUM] 274.0-275.0 sec  57.1 KBytes   467 Kbits/sec
[  6] 275.0-276.0 sec  1.61 KBytes  13.2 Kbits/sec
[  7] 275.0-276.0 sec  8.32 KBytes  68.1 Kbits/sec
[  5] 275.0-276.0 sec  63.1 KBytes   517 Kbits/sec
[  4] 275.0-276.0 sec  5.67 KBytes  46.5 Kbits/sec
[SUM] 275.0-276.0 sec  78.7 KBytes   645 Kbits/sec
[  6] 276.0-277.0 sec  51.9 KBytes   426 Kbits/sec
[  5] 276.0-277.0 sec  15.6 KBytes   128 Kbits/sec
[  7] 276.0-277.0 sec  55.5 KBytes   455 Kbits/sec
[  4] 276.0-277.0 sec  0.00 Bytes  0.00 bits/sec
[SUM] 276.0-277.0 sec   123 KBytes  1.01 Mbits/sec
[  5] 277.0-278.0 sec  28.4 KBytes   232 Kbits/sec
[  7] 277.0-278.0 sec  8.32 KBytes  68.1 Kbits/sec
[  6] 277.0-278.0 sec  53.9 KBytes   441 Kbits/sec
[  4] 277.0-278.0 sec  0.00 Bytes  0.00 bits/sec
[SUM] 277.0-278.0 sec  90.6 KBytes   742 Kbits/sec
[  5] 278.0-279.0 sec  19.9 KBytes   163 Kbits/sec
[  7] 278.0-279.0 sec   118 KBytes   966 Kbits/sec
[  6] 278.0-279.0 sec  0.00 Bytes  0.00 bits/sec
[  4] 278.0-279.0 sec  0.00 Bytes  0.00 bits/sec
[SUM] 278.0-279.0 sec   138 KBytes  1.13 Mbits/sec
[  5] 279.0-280.0 sec  0.00 Bytes  0.00 bits/sec
[  7] 279.0-280.0 sec  73.5 KBytes   602 Kbits/sec
[  6] 279.0-280.0 sec  0.00 Bytes  0.00 bits/sec
[  4] 279.0-280.0 sec  1.42 KBytes  11.6 Kbits/sec
[SUM] 279.0-280.0 sec  75.0 KBytes   614 Kbits/sec
[  5] 280.0-281.0 sec  0.00 Bytes  0.00 bits/sec
[  7] 280.0-281.0 sec  68.7 KBytes   563 Kbits/sec
[  6] 280.0-281.0 sec  0.00 Bytes  0.00 bits/sec
[  4] 280.0-281.0 sec  0.00 Bytes  0.00 bits/sec
[SUM] 280.0-281.0 sec  68.7 KBytes   563 Kbits/sec
[  5] 281.0-282.0 sec  0.00 Bytes  0.00 bits/sec
[  6] 281.0-282.0 sec  0.00 Bytes  0.00 bits/sec
[  4] 281.0-282.0 sec  0.00 Bytes  0.00 bits/sec
[  7] 281.0-282.0 sec  58.3 KBytes   478 Kbits/sec
[SUM] 281.0-282.0 sec  58.3 KBytes   478 Kbits/sec
[  5] 282.0-283.0 sec   114 KBytes   931 Kbits/sec
[  6] 282.0-283.0 sec  0.00 Bytes  0.00 bits/sec
[  4] 282.0-283.0 sec  0.00 Bytes  0.00 bits/sec
[  7] 282.0-283.0 sec  0.00 Bytes  0.00 bits/sec
[SUM] 282.0-283.0 sec   114 KBytes   931 Kbits/sec
[  5] 283.0-284.0 sec  25.5 KBytes   209 Kbits/sec
[  6] 283.0-284.0 sec  0.00 Bytes  0.00 bits/sec
[  4] 283.0-284.0 sec  0.00 Bytes  0.00 bits/sec
[  7] 283.0-284.0 sec  0.00 Bytes  0.00 bits/sec
[SUM] 283.0-284.0 sec  25.5 KBytes   209 Kbits/sec
[  5] 284.0-285.0 sec  4.58 KBytes  37.6 Kbits/sec
[  4] 284.0-285.0 sec  0.00 Bytes  0.00 bits/sec
[  6] 284.0-285.0 sec  42.5 KBytes   348 Kbits/sec
[  7] 284.0-285.0 sec  0.00 Bytes  0.00 bits/sec
[SUM] 284.0-285.0 sec  47.1 KBytes   386 Kbits/sec
[  5] 285.0-286.0 sec  56.7 KBytes   464 Kbits/sec
[  4] 285.0-286.0 sec  0.00 Bytes  0.00 bits/sec
[  6] 285.0-286.0 sec  59.1 KBytes   484 Kbits/sec
[  7] 285.0-286.0 sec  3.82 KBytes  31.3 Kbits/sec
[SUM] 285.0-286.0 sec   120 KBytes   980 Kbits/sec
[  6] 286.0-287.0 sec  10.8 KBytes  88.2 Kbits/sec
[  5] 286.0-287.0 sec  0.00 Bytes  0.00 bits/sec
[  4] 286.0-287.0 sec  0.00 Bytes  0.00 bits/sec
[  7] 286.0-287.0 sec  3.03 KBytes  24.8 Kbits/sec
[SUM] 286.0-287.0 sec  13.8 KBytes   113 Kbits/sec
[  6] 287.0-288.0 sec  15.6 KBytes   128 Kbits/sec
[  4] 287.0-288.0 sec  0.00 Bytes  0.00 bits/sec
[  5] 287.0-288.0 sec  1.42 KBytes  11.6 Kbits/sec
[  7] 287.0-288.0 sec  5.67 KBytes  46.5 Kbits/sec
[SUM] 287.0-288.0 sec  22.7 KBytes   186 Kbits/sec
[  7] 288.0-289.0 sec  36.7 KBytes   300 Kbits/sec
[  4] 288.0-289.0 sec  0.00 Bytes  0.00 bits/sec
[  6] 288.0-289.0 sec  56.7 KBytes   465 Kbits/sec
[  5] 288.0-289.0 sec  0.00 Bytes  0.00 bits/sec
[SUM] 288.0-289.0 sec  93.4 KBytes   765 Kbits/sec
[  6] 289.0-290.0 sec  5.67 KBytes  46.5 Kbits/sec
[  4] 289.0-290.0 sec  0.00 Bytes  0.00 bits/sec
[  5] 289.0-290.0 sec  0.00 Bytes  0.00 bits/sec
[  7] 289.0-290.0 sec  27.1 KBytes   222 Kbits/sec
[SUM] 289.0-290.0 sec  32.8 KBytes   269 Kbits/sec
[  7] 290.0-291.0 sec  8.32 KBytes  68.1 Kbits/sec
[  4] 290.0-291.0 sec  0.00 Bytes  0.00 bits/sec
[  5] 290.0-291.0 sec  0.00 Bytes  0.00 bits/sec
[  6] 290.0-291.0 sec  7.94 KBytes  65.0 Kbits/sec
[SUM] 290.0-291.0 sec  16.3 KBytes   133 Kbits/sec
[  7] 291.0-292.0 sec  2.84 KBytes  23.2 Kbits/sec
[  5] 291.0-292.0 sec  3.96 KBytes  32.4 Kbits/sec
[  4] 291.0-292.0 sec  0.00 Bytes  0.00 bits/sec
[  6] 291.0-292.0 sec  50.4 KBytes   413 Kbits/sec
[SUM] 291.0-292.0 sec  57.2 KBytes   468 Kbits/sec
[  6] 292.0-293.0 sec  5.48 KBytes  44.9 Kbits/sec
[  7] 292.0-293.0 sec  0.00 Bytes  0.00 bits/sec
[  5] 292.0-293.0 sec  42.8 KBytes   351 Kbits/sec
[  4] 292.0-293.0 sec  0.00 Bytes  0.00 bits/sec
[SUM] 292.0-293.0 sec  48.3 KBytes   396 Kbits/sec
[  5] 293.0-294.0 sec  10.3 KBytes  84.2 Kbits/sec
[  6] 293.0-294.0 sec  0.00 Bytes  0.00 bits/sec
[  4] 293.0-294.0 sec  0.00 Bytes  0.00 bits/sec
[  7] 293.0-294.0 sec  2.84 KBytes  23.2 Kbits/sec
[SUM] 293.0-294.0 sec  13.1 KBytes   107 Kbits/sec
[  6] 294.0-295.0 sec  58.3 KBytes   478 Kbits/sec
[  4] 294.0-295.0 sec  0.00 Bytes  0.00 bits/sec
[  7] 294.0-295.0 sec  49.8 KBytes   408 Kbits/sec
[  5] 294.0-295.0 sec  63.8 KBytes   523 Kbits/sec
[SUM] 294.0-295.0 sec   172 KBytes  1.41 Mbits/sec
[  6] 295.0-296.0 sec  13.4 KBytes   110 Kbits/sec
[  7] 295.0-296.0 sec  11.2 KBytes  91.4 Kbits/sec
[  5] 295.0-296.0 sec  64.0 KBytes   524 Kbits/sec
[  4] 295.0-296.0 sec  0.00 Bytes  0.00 bits/sec
[SUM] 295.0-296.0 sec  88.6 KBytes   726 Kbits/sec
[  5] 296.0-297.0 sec  63.8 KBytes   523 Kbits/sec
[  6] 296.0-297.0 sec  50.4 KBytes   413 Kbits/sec
[  7] 296.0-297.0 sec  27.1 KBytes   222 Kbits/sec
[  4] 296.0-297.0 sec  0.00 Bytes  0.00 bits/sec
[SUM] 296.0-297.0 sec   141 KBytes  1.16 Mbits/sec
[  5] 297.0-298.0 sec  0.00 Bytes  0.00 bits/sec
[  6] 297.0-298.0 sec  0.00 Bytes  0.00 bits/sec
[  7] 297.0-298.0 sec  0.00 Bytes  0.00 bits/sec
[  4] 297.0-298.0 sec  0.00 Bytes  0.00 bits/sec
[SUM] 297.0-298.0 sec  0.00 Bytes  0.00 bits/sec
[  5] 298.0-299.0 sec  0.00 Bytes  0.00 bits/sec
[  6] 298.0-299.0 sec  0.00 Bytes  0.00 bits/sec
[  7] 298.0-299.0 sec  0.00 Bytes  0.00 bits/sec
[  4] 298.0-299.0 sec  0.00 Bytes  0.00 bits/sec
[SUM] 298.0-299.0 sec  0.00 Bytes  0.00 bits/sec
[  5] 299.0-300.0 sec  0.00 Bytes  0.00 bits/sec
[  6] 299.0-300.0 sec  0.00 Bytes  0.00 bits/sec
[  7] 299.0-300.0 sec  0.00 Bytes  0.00 bits/sec
[  4] 299.0-300.0 sec  0.00 Bytes  0.00 bits/sec
[SUM] 299.0-300.0 sec  0.00 Bytes  0.00 bits/sec
[  5] 300.0-301.0 sec  0.00 Bytes  0.00 bits/sec
[  6] 300.0-301.0 sec  0.00 Bytes  0.00 bits/sec
[  7] 300.0-301.0 sec  0.00 Bytes  0.00 bits/sec
[  4] 300.0-301.0 sec  0.00 Bytes  0.00 bits/sec
[SUM] 300.0-301.0 sec  0.00 Bytes  0.00 bits/sec
[  5] 301.0-302.0 sec  0.00 Bytes  0.00 bits/sec
[  6] 301.0-302.0 sec  0.00 Bytes  0.00 bits/sec
[  7] 301.0-302.0 sec  0.00 Bytes  0.00 bits/sec
[  4] 301.0-302.0 sec  0.00 Bytes  0.00 bits/sec
[SUM] 301.0-302.0 sec  0.00 Bytes  0.00 bits/sec
[  5] 302.0-303.0 sec  0.00 Bytes  0.00 bits/sec
[  6] 302.0-303.0 sec  0.00 Bytes  0.00 bits/sec
[  7] 302.0-303.0 sec  0.00 Bytes  0.00 bits/sec
[  4] 302.0-303.0 sec  0.00 Bytes  0.00 bits/sec
[SUM] 302.0-303.0 sec  0.00 Bytes  0.00 bits/sec
[  5] 303.0-304.0 sec  0.00 Bytes  0.00 bits/sec
[  6] 303.0-304.0 sec  0.00 Bytes  0.00 bits/sec
[  7] 303.0-304.0 sec  0.00 Bytes  0.00 bits/sec
[  4] 303.0-304.0 sec  0.00 Bytes  0.00 bits/sec
[SUM] 303.0-304.0 sec  0.00 Bytes  0.00 bits/sec
[  5] 304.0-305.0 sec  0.00 Bytes  0.00 bits/sec
[  6] 304.0-305.0 sec  0.00 Bytes  0.00 bits/sec
[  7] 304.0-305.0 sec  0.00 Bytes  0.00 bits/sec
[  4] 304.0-305.0 sec  0.00 Bytes  0.00 bits/sec
[SUM] 304.0-305.0 sec  0.00 Bytes  0.00 bits/sec
[  5] 305.0-306.0 sec  0.00 Bytes  0.00 bits/sec
[  6] 305.0-306.0 sec  0.00 Bytes  0.00 bits/sec
[  7] 305.0-306.0 sec  0.00 Bytes  0.00 bits/sec
[  4] 305.0-306.0 sec  0.00 Bytes  0.00 bits/sec
[SUM] 305.0-306.0 sec  0.00 Bytes  0.00 bits/sec
[  5] 306.0-307.0 sec  0.00 Bytes  0.00 bits/sec
[  6] 306.0-307.0 sec  0.00 Bytes  0.00 bits/sec
[  7] 306.0-307.0 sec  0.00 Bytes  0.00 bits/sec
[  4] 306.0-307.0 sec  0.00 Bytes  0.00 bits/sec
[SUM] 306.0-307.0 sec  0.00 Bytes  0.00 bits/sec
[  4] 307.0-308.0 sec  0.00 Bytes  0.00 bits/sec
[  5] 307.0-308.0 sec  0.00 Bytes  0.00 bits/sec
[  6] 307.0-308.0 sec  0.00 Bytes  0.00 bits/sec
[  7] 307.0-308.0 sec  0.00 Bytes  0.00 bits/sec
[SUM] 307.0-308.0 sec  0.00 Bytes  0.00 bits/sec
[  4] 308.0-309.0 sec  0.00 Bytes  0.00 bits/sec
[  5] 308.0-309.0 sec  0.00 Bytes  0.00 bits/sec
[  6] 308.0-309.0 sec  0.00 Bytes  0.00 bits/sec
[  7] 308.0-309.0 sec  0.00 Bytes  0.00 bits/sec
[SUM] 308.0-309.0 sec  0.00 Bytes  0.00 bits/sec
[  4] 309.0-310.0 sec  0.00 Bytes  0.00 bits/sec
[  5] 309.0-310.0 sec  0.00 Bytes  0.00 bits/sec
[  6] 309.0-310.0 sec  0.00 Bytes  0.00 bits/sec
[  7] 309.0-310.0 sec  0.00 Bytes  0.00 bits/sec
[SUM] 309.0-310.0 sec  0.00 Bytes  0.00 bits/sec
[  4] 310.0-311.0 sec  0.00 Bytes  0.00 bits/sec
[  5] 310.0-311.0 sec  0.00 Bytes  0.00 bits/sec
[  6] 310.0-311.0 sec  0.00 Bytes  0.00 bits/sec
[  7] 310.0-311.0 sec  0.00 Bytes  0.00 bits/sec
[SUM] 310.0-311.0 sec  0.00 Bytes  0.00 bits/sec
[  7] 311.0-312.0 sec  0.00 Bytes  0.00 bits/sec
[  4] 311.0-312.0 sec  0.00 Bytes  0.00 bits/sec
[  5] 311.0-312.0 sec  0.00 Bytes  0.00 bits/sec
[  6] 311.0-312.0 sec  0.00 Bytes  0.00 bits/sec
[SUM] 311.0-312.0 sec  0.00 Bytes  0.00 bits/sec
[  7] 312.0-313.0 sec  0.00 Bytes  0.00 bits/sec
[  4] 312.0-313.0 sec  0.00 Bytes  0.00 bits/sec
[  5] 312.0-313.0 sec  0.00 Bytes  0.00 bits/sec
[  6] 312.0-313.0 sec  0.00 Bytes  0.00 bits/sec
[SUM] 312.0-313.0 sec  0.00 Bytes  0.00 bits/sec
[  7] 313.0-314.0 sec  0.00 Bytes  0.00 bits/sec
[  4] 313.0-314.0 sec  0.00 Bytes  0.00 bits/sec
[  5] 313.0-314.0 sec  0.00 Bytes  0.00 bits/sec
[  6] 313.0-314.0 sec  0.00 Bytes  0.00 bits/sec
[SUM] 313.0-314.0 sec  0.00 Bytes  0.00 bits/sec
[  7] 314.0-315.0 sec  0.00 Bytes  0.00 bits/sec
[  4] 314.0-315.0 sec  0.00 Bytes  0.00 bits/sec
[  5] 314.0-315.0 sec  0.00 Bytes  0.00 bits/sec
[  6] 314.0-315.0 sec  0.00 Bytes  0.00 bits/sec
[SUM] 314.0-315.0 sec  0.00 Bytes  0.00 bits/sec
[  7] 315.0-316.0 sec  0.00 Bytes  0.00 bits/sec
[  4] 315.0-316.0 sec  0.00 Bytes  0.00 bits/sec
[  5] 315.0-316.0 sec  0.00 Bytes  0.00 bits/sec
[  6] 315.0-316.0 sec  0.00 Bytes  0.00 bits/sec
[SUM] 315.0-316.0 sec  0.00 Bytes  0.00 bits/sec
[  7] 316.0-317.0 sec  0.00 Bytes  0.00 bits/sec
[  4] 316.0-317.0 sec  0.00 Bytes  0.00 bits/sec
[  5] 316.0-317.0 sec  0.00 Bytes  0.00 bits/sec
[  6] 316.0-317.0 sec  0.00 Bytes  0.00 bits/sec
[SUM] 316.0-317.0 sec  0.00 Bytes  0.00 bits/sec
[  7] 317.0-318.0 sec  0.00 Bytes  0.00 bits/sec
[  4] 317.0-318.0 sec  0.00 Bytes  0.00 bits/sec
[  5] 317.0-318.0 sec  0.00 Bytes  0.00 bits/sec
[  6] 317.0-318.0 sec  0.00 Bytes  0.00 bits/sec
[SUM] 317.0-318.0 sec  0.00 Bytes  0.00 bits/sec
[  7] 318.0-319.0 sec  0.00 Bytes  0.00 bits/sec
[  4] 318.0-319.0 sec  0.00 Bytes  0.00 bits/sec
[  5] 318.0-319.0 sec  0.00 Bytes  0.00 bits/sec
[  6] 318.0-319.0 sec  0.00 Bytes  0.00 bits/sec
[SUM] 318.0-319.0 sec  0.00 Bytes  0.00 bits/sec
[  7] 319.0-320.0 sec  0.00 Bytes  0.00 bits/sec
[  4] 319.0-320.0 sec  0.00 Bytes  0.00 bits/sec
[  5] 319.0-320.0 sec  0.00 Bytes  0.00 bits/sec
[  6] 319.0-320.0 sec  0.00 Bytes  0.00 bits/sec
[SUM] 319.0-320.0 sec  0.00 Bytes  0.00 bits/sec
[  7] 320.0-321.0 sec  0.00 Bytes  0.00 bits/sec
[  4] 320.0-321.0 sec  0.00 Bytes  0.00 bits/sec
[  5] 320.0-321.0 sec  0.00 Bytes  0.00 bits/sec
[  6] 320.0-321.0 sec  0.00 Bytes  0.00 bits/sec
[SUM] 320.0-321.0 sec  0.00 Bytes  0.00 bits/sec
[  7] 321.0-322.0 sec  0.00 Bytes  0.00 bits/sec
[  4] 321.0-322.0 sec  0.00 Bytes  0.00 bits/sec
[  5] 321.0-322.0 sec  0.00 Bytes  0.00 bits/sec
[  6] 321.0-322.0 sec  0.00 Bytes  0.00 bits/sec
[SUM] 321.0-322.0 sec  0.00 Bytes  0.00 bits/sec
[  7] 322.0-323.0 sec  0.00 Bytes  0.00 bits/sec
[  4] 322.0-323.0 sec  0.00 Bytes  0.00 bits/sec
[  5] 322.0-323.0 sec  0.00 Bytes  0.00 bits/sec
[  6] 322.0-323.0 sec  0.00 Bytes  0.00 bits/sec
[SUM] 322.0-323.0 sec  0.00 Bytes  0.00 bits/sec
[  7] 323.0-324.0 sec  0.00 Bytes  0.00 bits/sec
[  4] 323.0-324.0 sec  0.00 Bytes  0.00 bits/sec
[  5] 323.0-324.0 sec  0.00 Bytes  0.00 bits/sec
[  6] 323.0-324.0 sec  0.00 Bytes  0.00 bits/sec
[SUM] 323.0-324.0 sec  0.00 Bytes  0.00 bits/sec
[  7] 324.0-325.0 sec  0.00 Bytes  0.00 bits/sec
[  4] 324.0-325.0 sec  0.00 Bytes  0.00 bits/sec
[  5] 324.0-325.0 sec  0.00 Bytes  0.00 bits/sec
[  6] 324.0-325.0 sec  0.00 Bytes  0.00 bits/sec
[SUM] 324.0-325.0 sec  0.00 Bytes  0.00 bits/sec
[  7] 325.0-326.0 sec  0.00 Bytes  0.00 bits/sec
[  4] 325.0-326.0 sec  0.00 Bytes  0.00 bits/sec
[  5] 325.0-326.0 sec  0.00 Bytes  0.00 bits/sec
[  6] 325.0-326.0 sec  0.00 Bytes  0.00 bits/sec
[SUM] 325.0-326.0 sec  0.00 Bytes  0.00 bits/sec
[  7] 326.0-327.0 sec  0.00 Bytes  0.00 bits/sec
[  4] 326.0-327.0 sec  0.00 Bytes  0.00 bits/sec
[  5] 326.0-327.0 sec  0.00 Bytes  0.00 bits/sec
[  6] 326.0-327.0 sec  0.00 Bytes  0.00 bits/sec
[SUM] 326.0-327.0 sec  0.00 Bytes  0.00 bits/sec
[  7] 327.0-328.0 sec  0.00 Bytes  0.00 bits/sec
[  4] 327.0-328.0 sec  0.00 Bytes  0.00 bits/sec
[  5] 327.0-328.0 sec  0.00 Bytes  0.00 bits/sec
[  6] 327.0-328.0 sec  0.00 Bytes  0.00 bits/sec
[SUM] 327.0-328.0 sec  0.00 Bytes  0.00 bits/sec
[  7] 328.0-329.0 sec  0.00 Bytes  0.00 bits/sec
[  4] 328.0-329.0 sec  0.00 Bytes  0.00 bits/sec
[  5] 328.0-329.0 sec  0.00 Bytes  0.00 bits/sec
[  6] 328.0-329.0 sec  0.00 Bytes  0.00 bits/sec
[SUM] 328.0-329.0 sec  0.00 Bytes  0.00 bits/sec
[  7] 329.0-330.0 sec  0.00 Bytes  0.00 bits/sec
[  4] 329.0-330.0 sec  0.00 Bytes  0.00 bits/sec
[  5] 329.0-330.0 sec  0.00 Bytes  0.00 bits/sec
[  6] 329.0-330.0 sec  0.00 Bytes  0.00 bits/sec
[SUM] 329.0-330.0 sec  0.00 Bytes  0.00 bits/sec
[  7] 330.0-331.0 sec  0.00 Bytes  0.00 bits/sec
[  4] 330.0-331.0 sec  0.00 Bytes  0.00 bits/sec
[  5] 330.0-331.0 sec  0.00 Bytes  0.00 bits/sec
[  6] 330.0-331.0 sec  0.00 Bytes  0.00 bits/sec
[SUM] 330.0-331.0 sec  0.00 Bytes  0.00 bits/sec
[  7] 331.0-332.0 sec  0.00 Bytes  0.00 bits/sec
[  4] 331.0-332.0 sec  0.00 Bytes  0.00 bits/sec
[  5] 331.0-332.0 sec  0.00 Bytes  0.00 bits/sec
[  6] 331.0-332.0 sec  0.00 Bytes  0.00 bits/sec
[SUM] 331.0-332.0 sec  0.00 Bytes  0.00 bits/sec
[  7] 332.0-333.0 sec  0.00 Bytes  0.00 bits/sec
[  4] 332.0-333.0 sec  0.00 Bytes  0.00 bits/sec
[  5] 332.0-333.0 sec  0.00 Bytes  0.00 bits/sec
[  6] 332.0-333.0 sec  0.00 Bytes  0.00 bits/sec
[SUM] 332.0-333.0 sec  0.00 Bytes  0.00 bits/sec
[  7] 333.0-334.0 sec  0.00 Bytes  0.00 bits/sec
[  4] 333.0-334.0 sec  0.00 Bytes  0.00 bits/sec
[  5] 333.0-334.0 sec  0.00 Bytes  0.00 bits/sec
[  6] 333.0-334.0 sec  0.00 Bytes  0.00 bits/sec
[SUM] 333.0-334.0 sec  0.00 Bytes  0.00 bits/sec
[  7] 334.0-335.0 sec  0.00 Bytes  0.00 bits/sec
[  4] 334.0-335.0 sec  0.00 Bytes  0.00 bits/sec
[  5] 334.0-335.0 sec  0.00 Bytes  0.00 bits/sec
[  6] 334.0-335.0 sec  0.00 Bytes  0.00 bits/sec
[SUM] 334.0-335.0 sec  0.00 Bytes  0.00 bits/sec
[  7] 335.0-336.0 sec  0.00 Bytes  0.00 bits/sec
[  4] 335.0-336.0 sec  0.00 Bytes  0.00 bits/sec
[  5] 335.0-336.0 sec  0.00 Bytes  0.00 bits/sec
[  6] 335.0-336.0 sec  0.00 Bytes  0.00 bits/sec
[SUM] 335.0-336.0 sec  0.00 Bytes  0.00 bits/sec
[  7] 336.0-337.0 sec  0.00 Bytes  0.00 bits/sec
[  4] 336.0-337.0 sec  0.00 Bytes  0.00 bits/sec
[  5] 336.0-337.0 sec  0.00 Bytes  0.00 bits/sec
[  6] 336.0-337.0 sec  0.00 Bytes  0.00 bits/sec
[SUM] 336.0-337.0 sec  0.00 Bytes  0.00 bits/sec
[  6] 337.0-338.0 sec  0.00 Bytes  0.00 bits/sec
[  7] 337.0-338.0 sec  0.00 Bytes  0.00 bits/sec
[  4] 337.0-338.0 sec  0.00 Bytes  0.00 bits/sec
[  5] 337.0-338.0 sec  0.00 Bytes  0.00 bits/sec
[SUM] 337.0-338.0 sec  0.00 Bytes  0.00 bits/sec
[  6] 338.0-339.0 sec  0.00 Bytes  0.00 bits/sec
[  7] 338.0-339.0 sec  0.00 Bytes  0.00 bits/sec
[  4] 338.0-339.0 sec  0.00 Bytes  0.00 bits/sec
[  5] 338.0-339.0 sec  0.00 Bytes  0.00 bits/sec
[SUM] 338.0-339.0 sec  0.00 Bytes  0.00 bits/sec
[  6] 339.0-340.0 sec  0.00 Bytes  0.00 bits/sec
[  7] 339.0-340.0 sec  0.00 Bytes  0.00 bits/sec
[  4] 339.0-340.0 sec  0.00 Bytes  0.00 bits/sec
[  5] 339.0-340.0 sec  0.00 Bytes  0.00 bits/sec
[SUM] 339.0-340.0 sec  0.00 Bytes  0.00 bits/sec
[  6] 340.0-341.0 sec  0.00 Bytes  0.00 bits/sec
[  7] 340.0-341.0 sec  0.00 Bytes  0.00 bits/sec
[  4] 340.0-341.0 sec  0.00 Bytes  0.00 bits/sec
[  5] 340.0-341.0 sec  0.00 Bytes  0.00 bits/sec
[SUM] 340.0-341.0 sec  0.00 Bytes  0.00 bits/sec
[  5] 341.0-342.0 sec  0.00 Bytes  0.00 bits/sec
[  6] 341.0-342.0 sec  0.00 Bytes  0.00 bits/sec
[  7] 341.0-342.0 sec  0.00 Bytes  0.00 bits/sec
[  4] 341.0-342.0 sec  0.00 Bytes  0.00 bits/sec
[SUM] 341.0-342.0 sec  0.00 Bytes  0.00 bits/sec
[  5] 342.0-343.0 sec  0.00 Bytes  0.00 bits/sec
[  6] 342.0-343.0 sec  0.00 Bytes  0.00 bits/sec
[  7] 342.0-343.0 sec  0.00 Bytes  0.00 bits/sec
[  4] 342.0-343.0 sec  0.00 Bytes  0.00 bits/sec
[SUM] 342.0-343.0 sec  0.00 Bytes  0.00 bits/sec
[  5] 343.0-344.0 sec  0.00 Bytes  0.00 bits/sec
[  6] 343.0-344.0 sec  0.00 Bytes  0.00 bits/sec
[  7] 343.0-344.0 sec  0.00 Bytes  0.00 bits/sec
[  4] 343.0-344.0 sec  0.00 Bytes  0.00 bits/sec
[SUM] 343.0-344.0 sec  0.00 Bytes  0.00 bits/sec
[  5] 344.0-345.0 sec  0.00 Bytes  0.00 bits/sec
[  6] 344.0-345.0 sec  0.00 Bytes  0.00 bits/sec
[  7] 344.0-345.0 sec  0.00 Bytes  0.00 bits/sec
[  4] 344.0-345.0 sec  0.00 Bytes  0.00 bits/sec
[SUM] 344.0-345.0 sec  0.00 Bytes  0.00 bits/sec
[  5] 345.0-346.0 sec  0.00 Bytes  0.00 bits/sec
[  6] 345.0-346.0 sec  0.00 Bytes  0.00 bits/sec
[  7] 345.0-346.0 sec  0.00 Bytes  0.00 bits/sec
[  4] 345.0-346.0 sec  0.00 Bytes  0.00 bits/sec
[SUM] 345.0-346.0 sec  0.00 Bytes  0.00 bits/sec
[  5] 346.0-347.0 sec  0.00 Bytes  0.00 bits/sec
[  6] 346.0-347.0 sec  0.00 Bytes  0.00 bits/sec
[  7] 346.0-347.0 sec  0.00 Bytes  0.00 bits/sec
[  4] 346.0-347.0 sec  0.00 Bytes  0.00 bits/sec
[SUM] 346.0-347.0 sec  0.00 Bytes  0.00 bits/sec
[  5] 347.0-348.0 sec  0.00 Bytes  0.00 bits/sec
[  6] 347.0-348.0 sec  0.00 Bytes  0.00 bits/sec
[  7] 347.0-348.0 sec  0.00 Bytes  0.00 bits/sec
[  4] 347.0-348.0 sec  0.00 Bytes  0.00 bits/sec
[SUM] 347.0-348.0 sec  0.00 Bytes  0.00 bits/sec
[  5] 348.0-349.0 sec  0.00 Bytes  0.00 bits/sec
[  6] 348.0-349.0 sec  0.00 Bytes  0.00 bits/sec
[  7] 348.0-349.0 sec  0.00 Bytes  0.00 bits/sec
[  4] 348.0-349.0 sec  0.00 Bytes  0.00 bits/sec
[SUM] 348.0-349.0 sec  0.00 Bytes  0.00 bits/sec
[  5] 349.0-350.0 sec  0.00 Bytes  0.00 bits/sec
[  6] 349.0-350.0 sec  0.00 Bytes  0.00 bits/sec
[  7] 349.0-350.0 sec  0.00 Bytes  0.00 bits/sec
[  4] 349.0-350.0 sec  0.00 Bytes  0.00 bits/sec
[SUM] 349.0-350.0 sec  0.00 Bytes  0.00 bits/sec
[  5] 350.0-351.0 sec  0.00 Bytes  0.00 bits/sec
[  6] 350.0-351.0 sec  0.00 Bytes  0.00 bits/sec
[  7] 350.0-351.0 sec  0.00 Bytes  0.00 bits/sec
[  4] 350.0-351.0 sec  0.00 Bytes  0.00 bits/sec
[SUM] 350.0-351.0 sec  0.00 Bytes  0.00 bits/sec
[  5] 351.0-352.0 sec  0.00 Bytes  0.00 bits/sec
[  6] 351.0-352.0 sec  0.00 Bytes  0.00 bits/sec
[  7] 351.0-352.0 sec  0.00 Bytes  0.00 bits/sec
[  4] 351.0-352.0 sec  0.00 Bytes  0.00 bits/sec
[SUM] 351.0-352.0 sec  0.00 Bytes  0.00 bits/sec
[  5] 352.0-353.0 sec  0.00 Bytes  0.00 bits/sec
[  6] 352.0-353.0 sec  0.00 Bytes  0.00 bits/sec
[  7] 352.0-353.0 sec  0.00 Bytes  0.00 bits/sec
[  4] 352.0-353.0 sec  0.00 Bytes  0.00 bits/sec
[SUM] 352.0-353.0 sec  0.00 Bytes  0.00 bits/sec
[  5] 353.0-354.0 sec  0.00 Bytes  0.00 bits/sec
[  6] 353.0-354.0 sec  0.00 Bytes  0.00 bits/sec
[  7] 353.0-354.0 sec  0.00 Bytes  0.00 bits/sec
[  4] 353.0-354.0 sec  0.00 Bytes  0.00 bits/sec
[SUM] 353.0-354.0 sec  0.00 Bytes  0.00 bits/sec
[  5] 354.0-355.0 sec  0.00 Bytes  0.00 bits/sec
[  6] 354.0-355.0 sec  0.00 Bytes  0.00 bits/sec
[  7] 354.0-355.0 sec  0.00 Bytes  0.00 bits/sec
[  4] 354.0-355.0 sec  0.00 Bytes  0.00 bits/sec
[SUM] 354.0-355.0 sec  0.00 Bytes  0.00 bits/sec
[  5] 355.0-356.0 sec  0.00 Bytes  0.00 bits/sec
[  6] 355.0-356.0 sec  0.00 Bytes  0.00 bits/sec
[  7] 355.0-356.0 sec  0.00 Bytes  0.00 bits/sec
[  4] 355.0-356.0 sec  0.00 Bytes  0.00 bits/sec
[SUM] 355.0-356.0 sec  0.00 Bytes  0.00 bits/sec
[  5] 356.0-357.0 sec  0.00 Bytes  0.00 bits/sec
[  6] 356.0-357.0 sec  0.00 Bytes  0.00 bits/sec
[  7] 356.0-357.0 sec  0.00 Bytes  0.00 bits/sec
[  4] 356.0-357.0 sec  0.00 Bytes  0.00 bits/sec
[SUM] 356.0-357.0 sec  0.00 Bytes  0.00 bits/sec
[  5] 357.0-358.0 sec  0.00 Bytes  0.00 bits/sec
[  6] 357.0-358.0 sec  0.00 Bytes  0.00 bits/sec
[  7] 357.0-358.0 sec  0.00 Bytes  0.00 bits/sec
[  4] 357.0-358.0 sec  0.00 Bytes  0.00 bits/sec
[SUM] 357.0-358.0 sec  0.00 Bytes  0.00 bits/sec
[  5] 358.0-359.0 sec  0.00 Bytes  0.00 bits/sec
[  6] 358.0-359.0 sec  0.00 Bytes  0.00 bits/sec
[  7] 358.0-359.0 sec  0.00 Bytes  0.00 bits/sec
[  4] 358.0-359.0 sec  0.00 Bytes  0.00 bits/sec
[SUM] 358.0-359.0 sec  0.00 Bytes  0.00 bits/sec
[  5] 359.0-360.0 sec  0.00 Bytes  0.00 bits/sec
[  6] 359.0-360.0 sec  0.00 Bytes  0.00 bits/sec
[  7] 359.0-360.0 sec  0.00 Bytes  0.00 bits/sec
[  4] 359.0-360.0 sec  0.00 Bytes  0.00 bits/sec
[SUM] 359.0-360.0 sec  0.00 Bytes  0.00 bits/sec
[  5] 360.0-361.0 sec  0.00 Bytes  0.00 bits/sec
[  6] 360.0-361.0 sec  0.00 Bytes  0.00 bits/sec
[  7] 360.0-361.0 sec  0.00 Bytes  0.00 bits/sec
[  4] 360.0-361.0 sec  0.00 Bytes  0.00 bits/sec
[SUM] 360.0-361.0 sec  0.00 Bytes  0.00 bits/sec
[  5] 361.0-362.0 sec  0.00 Bytes  0.00 bits/sec
[  6] 361.0-362.0 sec  0.00 Bytes  0.00 bits/sec
